2025-11-14 22:35:47,056 [INFO] ================================================================================
2025-11-14 22:35:47,057 [INFO] OVERNIGHT STEP RENDERING
2025-11-14 22:35:47,057 [INFO] ================================================================================
2025-11-14 22:35:47,057 [INFO] Started: 2025-11-14 22:35:47
2025-11-14 22:35:47,057 [INFO] Log file: logs\render_20251114_223547.log
2025-11-14 22:35:47,057 [INFO] ================================================================================
2025-11-14 22:35:47,057 [INFO] Source: data\Omni-CAD-subset\step
2025-11-14 22:35:47,057 [INFO] Output: data\Omni-CAD-subset\img
2025-11-14 22:35:47,057 [INFO] Views per model: 8
2025-11-14 22:35:47,057 [INFO] 
Scanning for STEP files...
2025-11-14 22:35:47,268 [INFO] Found 58,653 STEP files
2025-11-14 22:35:47,268 [INFO] 
Initializing renderer...
2025-11-14 22:35:47,673 [INFO] 
================================================================================
2025-11-14 22:35:47,674 [INFO] Starting rendering...
2025-11-14 22:35:47,674 [INFO] ================================================================================

2025-11-14 22:36:46,529 [INFO] Progress: 100/58653 (1.7 files/sec, ETA: 0.5h)
2025-11-14 22:37:12,271 [INFO] Progress: 200/58653 (2.4 files/sec, ETA: 0.4h)
2025-11-14 22:38:11,701 [INFO] Progress: 300/58653 (2.1 files/sec, ETA: 0.4h)
2025-11-14 22:38:43,900 [INFO] Progress: 400/58653 (2.3 files/sec, ETA: 0.3h)
2025-11-14 22:39:14,419 [INFO] Progress: 500/58653 (2.4 files/sec, ETA: 0.3h)
2025-11-14 22:39:45,745 [INFO] Progress: 600/58653 (2.5 files/sec, ETA: 0.3h)
2025-11-14 22:40:20,432 [INFO] Progress: 700/58653 (2.6 files/sec, ETA: 0.3h)
2025-11-14 22:40:51,500 [INFO] Progress: 800/58653 (2.6 files/sec, ETA: 0.3h)
2025-11-14 22:41:30,177 [INFO] Progress: 900/58653 (2.6 files/sec, ETA: 0.2h)
2025-11-14 22:42:00,210 [INFO] Progress: 1000/58653 (2.7 files/sec, ETA: 0.2h)
2025-11-14 22:42:30,348 [INFO] Progress: 1100/58653 (2.7 files/sec, ETA: 0.2h)
2025-11-14 22:42:57,694 [INFO] Progress: 1200/58653 (2.8 files/sec, ETA: 0.2h)
2025-11-14 22:43:23,421 [INFO] Progress: 1300/58653 (2.9 files/sec, ETA: 0.2h)
2025-11-14 22:43:47,850 [INFO] Progress: 1400/58653 (2.9 files/sec, ETA: 0.2h)
2025-11-14 22:44:09,180 [INFO] Progress: 1500/58653 (3.0 files/sec, ETA: 0.2h)
2025-11-14 22:44:30,629 [INFO] Progress: 1600/58653 (3.1 files/sec, ETA: 0.1h)
2025-11-14 22:44:52,010 [INFO] Progress: 1700/58653 (3.1 files/sec, ETA: 0.1h)
2025-11-14 22:45:13,389 [INFO] Progress: 1800/58653 (3.2 files/sec, ETA: 0.1h)
2025-11-14 22:45:35,873 [INFO] Progress: 1900/58653 (3.2 files/sec, ETA: 0.1h)
2025-11-14 22:46:01,388 [INFO] Progress: 2000/58653 (3.3 files/sec, ETA: 0.1h)
2025-11-14 22:46:23,330 [INFO] Progress: 2100/58653 (3.3 files/sec, ETA: 0.1h)
2025-11-14 22:46:45,297 [INFO] Progress: 2200/58653 (3.3 files/sec, ETA: 0.1h)
2025-11-14 22:47:08,521 [INFO] Progress: 2300/58653 (3.4 files/sec, ETA: 0.1h)
2025-11-14 22:47:30,503 [INFO] Progress: 2400/58653 (3.4 files/sec, ETA: 0.1h)
2025-11-14 22:47:51,902 [INFO] Progress: 2500/58653 (3.5 files/sec, ETA: 0.1h)
2025-11-14 22:48:13,013 [INFO] Progress: 2600/58653 (3.5 files/sec, ETA: 0.0h)
2025-11-14 22:48:35,433 [INFO] Progress: 2700/58653 (3.5 files/sec, ETA: 0.0h)
2025-11-14 22:48:57,918 [INFO] Progress: 2800/58653 (3.5 files/sec, ETA: 0.0h)
2025-11-14 22:49:23,381 [INFO] Progress: 2900/58653 (3.6 files/sec, ETA: 0.0h)
2025-11-14 22:49:48,557 [INFO] Progress: 3000/58653 (3.6 files/sec, ETA: 0.0h)
2025-11-14 22:50:15,456 [INFO] Progress: 3100/58653 (3.6 files/sec, ETA: 0.0h)
2025-11-14 22:50:39,899 [INFO] 
================================================================================
2025-11-14 22:50:39,900 [INFO] RENDERING COMPLETE!
2025-11-14 22:50:39,900 [INFO] ================================================================================
2025-11-14 22:50:39,900 [INFO] Total time: 0h 14m
2025-11-14 22:50:39,900 [INFO] Files processed: 58,653
2025-11-14 22:50:39,900 [INFO] Successfully rendered: 3,197
2025-11-14 22:50:39,900 [INFO] Skipped (existing): 55,456
2025-11-14 22:50:39,900 [INFO] Errors: 0
2025-11-14 22:50:39,900 [INFO] Success rate: 100.0%
2025-11-14 22:50:39,900 [INFO] Images created: ~25,576
2025-11-14 22:50:39,901 [INFO] ================================================================================
2025-11-14 22:50:39,901 [INFO] 
Log saved to: logs\render_20251114_223547.log
2025-11-14 22:50:39,901 [INFO] ================================================================================
