2025-11-13 23:18:58,149 [INFO] ================================================================================
2025-11-13 23:18:58,149 [INFO] OVERNIGHT STEP RENDERING
2025-11-13 23:18:58,149 [INFO] ================================================================================
2025-11-13 23:18:58,149 [INFO] Started: 2025-11-13 23:18:58
2025-11-13 23:18:58,150 [INFO] Log file: logs\render_20251113_231858.log
2025-11-13 23:18:58,150 [INFO] ================================================================================
2025-11-13 23:18:58,150 [INFO] Source: data\Omni-CAD-subset\step
2025-11-13 23:18:58,150 [INFO] Output: data\Omni-CAD-subset\img
2025-11-13 23:18:58,150 [INFO] Views per model: 8
2025-11-13 23:18:58,151 [INFO] 
Scanning for STEP files...
2025-11-13 23:18:58,374 [INFO] Found 58,653 STEP files
2025-11-13 23:18:58,375 [INFO] Processing 2 files (from index 0)
2025-11-13 23:18:58,375 [INFO] 
Initializing renderer...
2025-11-13 23:18:58,821 [INFO] 
================================================================================
2025-11-13 23:18:58,821 [INFO] Starting rendering...
2025-11-13 23:18:58,821 [INFO] ================================================================================

2025-11-13 23:18:59,328 [INFO] 
================================================================================
2025-11-13 23:18:59,328 [INFO] RENDERING COMPLETE!
2025-11-13 23:18:59,328 [INFO] ================================================================================
2025-11-13 23:18:59,328 [INFO] Total time: 0h 0m
2025-11-13 23:18:59,328 [INFO] Files processed: 2
2025-11-13 23:18:59,328 [INFO] Successfully rendered: 2
2025-11-13 23:18:59,328 [INFO] Skipped (existing): 0
2025-11-13 23:18:59,328 [INFO] Errors: 0
2025-11-13 23:18:59,328 [INFO] Success rate: 100.0%
2025-11-13 23:18:59,328 [INFO] Images created: ~16
2025-11-13 23:18:59,328 [INFO] ================================================================================
2025-11-13 23:18:59,328 [INFO] 
Log saved to: logs\render_20251113_231858.log
2025-11-13 23:18:59,328 [INFO] ================================================================================
