2025-11-13 23:12:53,832 [INFO] ================================================================================
2025-11-13 23:12:53,833 [INFO] OVERNIGHT STEP RENDERING
2025-11-13 23:12:53,833 [INFO] ================================================================================
2025-11-13 23:12:53,833 [INFO] Started: 2025-11-13 23:12:53
2025-11-13 23:12:53,833 [INFO] Log file: logs\render_20251113_231253.log
2025-11-13 23:12:53,833 [INFO] ================================================================================
2025-11-13 23:12:53,833 [INFO] Source: data\Omni-CAD-subset\step
2025-11-13 23:12:53,833 [INFO] Output: data\Omni-CAD-subset\img
2025-11-13 23:12:53,833 [INFO] Views per model: 8
2025-11-13 23:12:53,838 [INFO] 
Scanning for STEP files...
2025-11-13 23:12:54,047 [INFO] Found 58,653 STEP files
2025-11-13 23:12:54,048 [INFO] Processing 3 files (from index 0)
2025-11-13 23:12:54,049 [INFO] 
Initializing renderer...
2025-11-13 23:12:54,503 [INFO] 
================================================================================
2025-11-13 23:12:54,503 [INFO] Starting rendering...
2025-11-13 23:12:54,503 [INFO] ================================================================================

2025-11-13 23:12:55,409 [INFO] 
================================================================================
2025-11-13 23:12:55,411 [INFO] RENDERING COMPLETE!
2025-11-13 23:12:55,411 [INFO] ================================================================================
2025-11-13 23:12:55,411 [INFO] Total time: 0h 0m
2025-11-13 23:12:55,411 [INFO] Files processed: 3
2025-11-13 23:12:55,411 [INFO] Successfully rendered: 3
2025-11-13 23:12:55,411 [INFO] Skipped (existing): 0
2025-11-13 23:12:55,411 [INFO] Errors: 0
2025-11-13 23:12:55,411 [INFO] Success rate: 100.0%
2025-11-13 23:12:55,411 [INFO] Images created: ~24
2025-11-13 23:12:55,411 [INFO] ================================================================================
2025-11-13 23:12:55,411 [INFO] 
Log saved to: logs\render_20251113_231253.log
2025-11-13 23:12:55,411 [INFO] ================================================================================
