2025-11-14 09:22:26,385 [INFO] ================================================================================
2025-11-14 09:22:26,385 [INFO] OVERNIGHT STEP RENDERING
2025-11-14 09:22:26,385 [INFO] ================================================================================
2025-11-14 09:22:26,385 [INFO] Started: 2025-11-14 09:22:26
2025-11-14 09:22:26,385 [INFO] Log file: logs\render_20251114_092226.log
2025-11-14 09:22:26,385 [INFO] ================================================================================
2025-11-14 09:22:26,386 [INFO] Source: data\Omni-CAD-subset\step
2025-11-14 09:22:26,387 [INFO] Output: data\Omni-CAD-subset\img
2025-11-14 09:22:26,387 [INFO] Views per model: 8
2025-11-14 09:22:26,390 [INFO] 
Scanning for STEP files...
2025-11-14 09:22:26,584 [INFO] Found 58,653 STEP files
2025-11-14 09:22:26,584 [INFO] 
Initializing renderer...
2025-11-14 09:22:27,972 [INFO] 
================================================================================
2025-11-14 09:22:27,972 [INFO] Starting rendering...
2025-11-14 09:22:27,972 [INFO] ================================================================================

2025-11-14 09:24:51,954 [INFO] Progress: 100/58653 (0.7 files/sec, ETA: 6.8h)
2025-11-14 09:26:02,647 [INFO] Progress: 200/58653 (0.9 files/sec, ETA: 5.0h)
2025-11-14 09:27:15,454 [INFO] Progress: 300/58653 (1.0 files/sec, ETA: 4.5h)
2025-11-14 09:28:34,046 [INFO] Progress: 400/58653 (1.1 files/sec, ETA: 4.2h)
2025-11-14 09:29:42,480 [INFO] Progress: 500/58653 (1.2 files/sec, ETA: 4.0h)
2025-11-14 09:30:52,323 [INFO] Progress: 600/58653 (1.2 files/sec, ETA: 3.8h)
2025-11-14 09:32:02,599 [INFO] Progress: 700/58653 (1.2 files/sec, ETA: 3.7h)
2025-11-14 09:33:12,761 [INFO] Progress: 800/58653 (1.2 files/sec, ETA: 3.6h)
2025-11-14 09:34:22,565 [INFO] Progress: 900/58653 (1.3 files/sec, ETA: 3.6h)
2025-11-14 09:35:33,255 [INFO] Progress: 1000/58653 (1.3 files/sec, ETA: 3.5h)
2025-11-14 09:36:43,798 [INFO] Progress: 1100/58653 (1.3 files/sec, ETA: 3.4h)
2025-11-14 09:37:54,536 [INFO] Progress: 1200/58653 (1.3 files/sec, ETA: 3.4h)
2025-11-14 09:39:04,674 [INFO] Progress: 1300/58653 (1.3 files/sec, ETA: 3.3h)
2025-11-14 09:40:16,652 [INFO] Progress: 1400/58653 (1.3 files/sec, ETA: 3.3h)
2025-11-14 09:41:27,268 [INFO] Progress: 1500/58653 (1.3 files/sec, ETA: 3.3h)
2025-11-14 09:42:39,235 [INFO] Progress: 1600/58653 (1.3 files/sec, ETA: 3.2h)
2025-11-14 09:43:50,417 [INFO] Progress: 1700/58653 (1.3 files/sec, ETA: 3.2h)
2025-11-14 09:45:00,948 [INFO] Progress: 1800/58653 (1.3 files/sec, ETA: 3.2h)
2025-11-14 09:46:12,809 [INFO] Progress: 1900/58653 (1.3 files/sec, ETA: 3.1h)
2025-11-14 09:47:24,421 [INFO] Progress: 2000/58653 (1.3 files/sec, ETA: 3.1h)
2025-11-14 09:48:36,650 [INFO] Progress: 2100/58653 (1.3 files/sec, ETA: 3.1h)
2025-11-14 09:49:48,325 [INFO] Progress: 2200/58653 (1.3 files/sec, ETA: 3.1h)
2025-11-14 09:50:59,336 [INFO] Progress: 2300/58653 (1.3 files/sec, ETA: 3.0h)
2025-11-14 09:52:10,581 [INFO] Progress: 2400/58653 (1.3 files/sec, ETA: 3.0h)
2025-11-14 09:53:22,103 [INFO] Progress: 2500/58653 (1.3 files/sec, ETA: 3.0h)
2025-11-14 09:54:33,774 [INFO] Progress: 2600/58653 (1.4 files/sec, ETA: 3.0h)
2025-11-14 09:55:45,781 [INFO] Progress: 2700/58653 (1.4 files/sec, ETA: 2.9h)
2025-11-14 09:56:58,564 [INFO] Progress: 2800/58653 (1.4 files/sec, ETA: 2.9h)
2025-11-14 09:58:11,308 [INFO] Progress: 2900/58653 (1.4 files/sec, ETA: 2.9h)
2025-11-14 09:59:23,539 [INFO] Progress: 3000/58653 (1.4 files/sec, ETA: 2.9h)
2025-11-14 10:00:36,832 [INFO] Progress: 3100/58653 (1.4 files/sec, ETA: 2.9h)
2025-11-14 10:01:49,479 [INFO] Progress: 3200/58653 (1.4 files/sec, ETA: 2.8h)
2025-11-14 10:03:00,985 [INFO] Progress: 3300/58653 (1.4 files/sec, ETA: 2.8h)
2025-11-14 10:04:15,613 [INFO] Progress: 3400/58653 (1.4 files/sec, ETA: 2.8h)
2025-11-14 10:05:29,032 [INFO] Progress: 3500/58653 (1.4 files/sec, ETA: 2.8h)
2025-11-14 10:06:42,020 [INFO] Progress: 3600/58653 (1.4 files/sec, ETA: 2.7h)
2025-11-14 10:07:55,472 [INFO] Progress: 3700/58653 (1.4 files/sec, ETA: 2.7h)
2025-11-14 10:09:08,421 [INFO] Progress: 3800/58653 (1.4 files/sec, ETA: 2.7h)
2025-11-14 10:10:22,338 [INFO] Progress: 3900/58653 (1.4 files/sec, ETA: 2.7h)
2025-11-14 10:11:36,885 [INFO] Progress: 4000/58653 (1.4 files/sec, ETA: 2.7h)
2025-11-14 10:12:50,415 [INFO] Progress: 4100/58653 (1.4 files/sec, ETA: 2.6h)
2025-11-14 10:14:08,218 [INFO] Progress: 4200/58653 (1.4 files/sec, ETA: 2.6h)
2025-11-14 10:15:21,405 [INFO] Progress: 4300/58653 (1.4 files/sec, ETA: 2.6h)
2025-11-14 10:16:35,554 [INFO] Progress: 4400/58653 (1.4 files/sec, ETA: 2.6h)
2025-11-14 10:17:50,951 [INFO] Progress: 4500/58653 (1.4 files/sec, ETA: 2.6h)
2025-11-14 10:19:04,144 [INFO] Progress: 4600/58653 (1.4 files/sec, ETA: 2.5h)
2025-11-14 10:20:33,557 [INFO] Progress: 4700/58653 (1.3 files/sec, ETA: 2.5h)
2025-11-14 10:21:50,664 [INFO] Progress: 4800/58653 (1.3 files/sec, ETA: 2.5h)
2025-11-14 10:23:04,568 [INFO] Progress: 4900/58653 (1.3 files/sec, ETA: 2.5h)
2025-11-14 10:24:18,204 [INFO] Progress: 5000/58653 (1.3 files/sec, ETA: 2.5h)
2025-11-14 10:25:32,140 [INFO] Progress: 5100/58653 (1.3 files/sec, ETA: 2.5h)
2025-11-14 10:26:46,586 [INFO] Progress: 5200/58653 (1.3 files/sec, ETA: 2.4h)
2025-11-14 10:28:46,063 [INFO] Progress: 5300/58653 (1.3 files/sec, ETA: 2.4h)
2025-11-14 10:30:00,837 [INFO] Progress: 5400/58653 (1.3 files/sec, ETA: 2.4h)
2025-11-14 10:31:15,930 [INFO] Progress: 5500/58653 (1.3 files/sec, ETA: 2.4h)
2025-11-14 10:32:30,458 [INFO] Progress: 5600/58653 (1.3 files/sec, ETA: 2.4h)
2025-11-14 10:33:46,579 [INFO] Progress: 5700/58653 (1.3 files/sec, ETA: 2.4h)
2025-11-14 10:35:03,371 [INFO] Progress: 5800/58653 (1.3 files/sec, ETA: 2.3h)
2025-11-14 10:36:18,536 [INFO] Progress: 5900/58653 (1.3 files/sec, ETA: 2.3h)
2025-11-14 10:37:32,900 [INFO] Progress: 6000/58653 (1.3 files/sec, ETA: 2.3h)
2025-11-14 10:38:48,454 [INFO] Progress: 6100/58653 (1.3 files/sec, ETA: 2.3h)
2025-11-14 10:40:03,234 [INFO] Progress: 6200/58653 (1.3 files/sec, ETA: 2.3h)
2025-11-14 10:41:18,672 [INFO] Progress: 6300/58653 (1.3 files/sec, ETA: 2.2h)
2025-11-14 10:42:33,785 [INFO] Progress: 6400/58653 (1.3 files/sec, ETA: 2.2h)
2025-11-14 10:45:05,291 [INFO] Progress: 6500/58653 (1.3 files/sec, ETA: 2.2h)
2025-11-14 10:46:22,270 [INFO] Progress: 6600/58653 (1.3 files/sec, ETA: 2.2h)
2025-11-14 10:47:38,204 [INFO] Progress: 6700/58653 (1.3 files/sec, ETA: 2.2h)
2025-11-14 10:49:52,486 [INFO] Progress: 6800/58653 (1.3 files/sec, ETA: 2.2h)
2025-11-14 10:51:09,933 [INFO] Progress: 6900/58653 (1.3 files/sec, ETA: 2.2h)
2025-11-14 10:52:26,864 [INFO] Progress: 7000/58653 (1.3 files/sec, ETA: 2.1h)
2025-11-14 10:53:43,146 [INFO] Progress: 7100/58653 (1.3 files/sec, ETA: 2.1h)
2025-11-14 10:54:59,903 [INFO] Progress: 7200/58653 (1.3 files/sec, ETA: 2.1h)
2025-11-14 10:56:16,897 [INFO] Progress: 7300/58653 (1.3 files/sec, ETA: 2.1h)
2025-11-14 10:57:33,459 [INFO] Progress: 7400/58653 (1.3 files/sec, ETA: 2.1h)
2025-11-14 10:58:49,240 [INFO] Progress: 7500/58653 (1.3 files/sec, ETA: 2.0h)
2025-11-14 11:00:04,984 [INFO] Progress: 7600/58653 (1.3 files/sec, ETA: 2.0h)
2025-11-14 11:01:20,890 [INFO] Progress: 7700/58653 (1.3 files/sec, ETA: 2.0h)
2025-11-14 11:02:38,503 [INFO] Progress: 7800/58653 (1.3 files/sec, ETA: 2.0h)
2025-11-14 11:03:56,438 [INFO] Progress: 7900/58653 (1.3 files/sec, ETA: 2.0h)
2025-11-14 11:05:15,336 [INFO] Progress: 8000/58653 (1.3 files/sec, ETA: 1.9h)
2025-11-14 11:07:43,732 [INFO] Progress: 8100/58653 (1.3 files/sec, ETA: 1.9h)
2025-11-14 11:09:02,133 [INFO] Progress: 8200/58653 (1.3 files/sec, ETA: 1.9h)
2025-11-14 11:10:18,745 [INFO] Progress: 8300/58653 (1.3 files/sec, ETA: 1.9h)
2025-11-14 11:11:36,157 [INFO] Progress: 8400/58653 (1.3 files/sec, ETA: 1.9h)
2025-11-14 11:12:58,239 [INFO] Progress: 8500/58653 (1.3 files/sec, ETA: 1.8h)
2025-11-14 11:14:17,891 [INFO] Progress: 8600/58653 (1.3 files/sec, ETA: 1.8h)
2025-11-14 11:15:40,928 [INFO] Progress: 8700/58653 (1.3 files/sec, ETA: 1.8h)
2025-11-14 11:17:04,103 [INFO] Progress: 8800/58653 (1.3 files/sec, ETA: 1.8h)
2025-11-14 11:18:28,192 [INFO] Progress: 8900/58653 (1.3 files/sec, ETA: 1.8h)
2025-11-14 11:19:50,386 [INFO] Progress: 9000/58653 (1.3 files/sec, ETA: 1.7h)
2025-11-14 11:21:40,525 [INFO] Progress: 9100/58653 (1.3 files/sec, ETA: 1.7h)
2025-11-14 11:23:02,930 [INFO] Progress: 9200/58653 (1.3 files/sec, ETA: 1.7h)
2025-11-14 11:24:22,114 [INFO] Progress: 9300/58653 (1.3 files/sec, ETA: 1.7h)
2025-11-14 11:25:46,572 [INFO] Progress: 9400/58653 (1.3 files/sec, ETA: 1.7h)
2025-11-14 11:27:14,559 [INFO] Progress: 9500/58653 (1.3 files/sec, ETA: 1.6h)
