2025-11-13 23:00:51,845 [INFO] ================================================================================
2025-11-13 23:00:51,845 [INFO] OVERNIGHT STEP RENDERING
2025-11-13 23:00:51,846 [INFO] ================================================================================
2025-11-13 23:00:51,846 [INFO] Started: 2025-11-13 23:00:51
2025-11-13 23:00:51,846 [INFO] Log file: logs\render_20251113_230051.log
2025-11-13 23:00:51,846 [INFO] ================================================================================
2025-11-13 23:00:51,846 [INFO] Source: data\Omni-CAD-subset\step
2025-11-13 23:00:51,846 [INFO] Output: data\Omni-CAD-subset\img
2025-11-13 23:00:51,846 [INFO] Views per model: 8
2025-11-13 23:00:51,849 [INFO] 
Scanning for STEP files...
2025-11-13 23:00:52,072 [INFO] Found 58,653 STEP files
2025-11-13 23:00:52,073 [INFO] Processing 3 files (from index 0)
2025-11-13 23:00:52,073 [INFO] 
Initializing renderer...
2025-11-13 23:00:52,581 [INFO] 
================================================================================
2025-11-13 23:00:52,581 [INFO] Starting rendering...
2025-11-13 23:00:52,581 [INFO] ================================================================================

2025-11-13 23:00:53,490 [INFO] 
================================================================================
2025-11-13 23:00:53,490 [INFO] RENDERING COMPLETE!
2025-11-13 23:00:53,490 [INFO] ================================================================================
2025-11-13 23:00:53,490 [INFO] Total time: 0h 0m
2025-11-13 23:00:53,490 [INFO] Files processed: 3
2025-11-13 23:00:53,490 [INFO] Successfully rendered: 3
2025-11-13 23:00:53,490 [INFO] Skipped (existing): 0
2025-11-13 23:00:53,490 [INFO] Errors: 0
2025-11-13 23:00:53,490 [INFO] Success rate: 100.0%
2025-11-13 23:00:53,490 [INFO] Images created: ~24
2025-11-13 23:00:53,490 [INFO] ================================================================================
2025-11-13 23:00:53,490 [INFO] 
Log saved to: logs\render_20251113_230051.log
2025-11-13 23:00:53,490 [INFO] ================================================================================
