2025-11-13 22:43:03,251 [INFO] ================================================================================
2025-11-13 22:43:03,251 [INFO] OVERNIGHT STEP RENDERING
2025-11-13 22:43:03,251 [INFO] ================================================================================
2025-11-13 22:43:03,251 [INFO] Started: 2025-11-13 22:43:03
2025-11-13 22:43:03,251 [INFO] Log file: logs\render_20251113_224303.log
2025-11-13 22:43:03,251 [INFO] ================================================================================
2025-11-13 22:43:03,251 [INFO] Source: data\Omni-CAD-subset\step
2025-11-13 22:43:03,251 [INFO] Output: data\Omni-CAD-subset\img
2025-11-13 22:43:03,251 [INFO] Views per model: 8
2025-11-13 22:43:03,252 [INFO] 
Scanning for STEP files...
2025-11-13 22:43:03,453 [INFO] Found 58,653 STEP files
2025-11-13 22:43:03,454 [INFO] Processing 3 files (from index 0)
2025-11-13 22:43:03,455 [INFO] 
Initializing renderer...
2025-11-13 22:43:03,845 [INFO] 
================================================================================
2025-11-13 22:43:03,845 [INFO] Starting rendering...
2025-11-13 22:43:03,845 [INFO] ================================================================================

2025-11-13 22:43:04,599 [INFO] 
================================================================================
2025-11-13 22:43:04,599 [INFO] RENDERING COMPLETE!
2025-11-13 22:43:04,599 [INFO] ================================================================================
2025-11-13 22:43:04,599 [INFO] Total time: 0h 0m
2025-11-13 22:43:04,599 [INFO] Files processed: 3
2025-11-13 22:43:04,599 [INFO] Successfully rendered: 3
2025-11-13 22:43:04,599 [INFO] Skipped (existing): 0
2025-11-13 22:43:04,599 [INFO] Errors: 0
2025-11-13 22:43:04,599 [INFO] Success rate: 100.0%
2025-11-13 22:43:04,599 [INFO] Images created: ~24
2025-11-13 22:43:04,599 [INFO] ================================================================================
2025-11-13 22:43:04,599 [INFO] 
Log saved to: logs\render_20251113_224303.log
2025-11-13 22:43:04,599 [INFO] ================================================================================
