2025-11-13 23:09:48,502 [INFO] ================================================================================
2025-11-13 23:09:48,502 [INFO] OVERNIGHT STEP RENDERING
2025-11-13 23:09:48,502 [INFO] ================================================================================
2025-11-13 23:09:48,502 [INFO] Started: 2025-11-13 23:09:48
2025-11-13 23:09:48,503 [INFO] Log file: logs\render_20251113_230948.log
2025-11-13 23:09:48,503 [INFO] ================================================================================
2025-11-13 23:09:48,503 [INFO] Source: data\Omni-CAD-subset\step
2025-11-13 23:09:48,503 [INFO] Output: data\Omni-CAD-subset\img
2025-11-13 23:09:48,503 [INFO] Views per model: 8
2025-11-13 23:09:48,504 [INFO] 
Scanning for STEP files...
2025-11-13 23:09:48,917 [INFO] Found 58,653 STEP files
2025-11-13 23:09:48,919 [INFO] Processing 3 files (from index 0)
2025-11-13 23:09:48,919 [INFO] 
Initializing renderer...
2025-11-13 23:09:49,419 [INFO] 
================================================================================
2025-11-13 23:09:49,420 [INFO] Starting rendering...
2025-11-13 23:09:49,420 [INFO] ================================================================================

2025-11-13 23:09:50,082 [INFO] 
================================================================================
2025-11-13 23:09:50,082 [INFO] RENDERING COMPLETE!
2025-11-13 23:09:50,082 [INFO] ================================================================================
2025-11-13 23:09:50,082 [INFO] Total time: 0h 0m
2025-11-13 23:09:50,082 [INFO] Files processed: 3
2025-11-13 23:09:50,082 [INFO] Successfully rendered: 3
2025-11-13 23:09:50,082 [INFO] Skipped (existing): 0
2025-11-13 23:09:50,082 [INFO] Errors: 0
2025-11-13 23:09:50,082 [INFO] Success rate: 100.0%
2025-11-13 23:09:50,082 [INFO] Images created: ~24
2025-11-13 23:09:50,082 [INFO] ================================================================================
2025-11-13 23:09:50,082 [INFO] 
Log saved to: logs\render_20251113_230948.log
2025-11-13 23:09:50,082 [INFO] ================================================================================
