2025-11-13 23:21:33,615 [INFO] ================================================================================
2025-11-13 23:21:33,615 [INFO] OVERNIGHT STEP RENDERING
2025-11-13 23:21:33,616 [INFO] ================================================================================
2025-11-13 23:21:33,616 [INFO] Started: 2025-11-13 23:21:33
2025-11-13 23:21:33,616 [INFO] Log file: logs\render_20251113_232133.log
2025-11-13 23:21:33,616 [INFO] ================================================================================
2025-11-13 23:21:33,616 [INFO] Source: data\Omni-CAD-subset\step
2025-11-13 23:21:33,616 [INFO] Output: data\Omni-CAD-subset\img
2025-11-13 23:21:33,616 [INFO] Views per model: 8
2025-11-13 23:21:33,616 [INFO] 
Scanning for STEP files...
2025-11-13 23:21:33,812 [INFO] Found 58,653 STEP files
2025-11-13 23:21:33,812 [INFO] 
Initializing renderer...
2025-11-13 23:21:34,173 [INFO] 
================================================================================
2025-11-13 23:21:34,173 [INFO] Starting rendering...
2025-11-13 23:21:34,173 [INFO] ================================================================================

2025-11-13 23:21:56,455 [INFO] Progress: 100/58653 (4.5 files/sec, ETA: 3.6h)
2025-11-13 23:22:35,830 [INFO] Progress: 200/58653 (3.2 files/sec, ETA: 5.0h)
2025-11-13 23:23:42,445 [INFO] Progress: 300/58653 (2.3 files/sec, ETA: 6.9h)
2025-11-13 23:24:51,120 [INFO] Progress: 400/58653 (2.0 files/sec, ETA: 8.0h)
2025-11-13 23:25:58,300 [INFO] Progress: 500/58653 (1.9 files/sec, ETA: 8.5h)
2025-11-13 23:27:08,504 [INFO] Progress: 600/58653 (1.8 files/sec, ETA: 9.0h)
2025-11-13 23:28:18,541 [INFO] Progress: 700/58653 (1.7 files/sec, ETA: 9.3h)
2025-11-13 23:29:32,401 [INFO] Progress: 800/58653 (1.7 files/sec, ETA: 9.6h)
2025-11-13 23:30:43,721 [INFO] Progress: 900/58653 (1.6 files/sec, ETA: 9.8h)
2025-11-13 23:31:55,086 [INFO] Progress: 1000/58653 (1.6 files/sec, ETA: 9.9h)
2025-11-13 23:33:06,551 [INFO] Progress: 1100/58653 (1.6 files/sec, ETA: 10.0h)
2025-11-13 23:34:19,379 [INFO] Progress: 1200/58653 (1.6 files/sec, ETA: 10.2h)
2025-11-13 23:35:36,894 [INFO] Progress: 1300/58653 (1.5 files/sec, ETA: 10.3h)
2025-11-13 23:36:50,101 [INFO] Progress: 1400/58653 (1.5 files/sec, ETA: 10.4h)
2025-11-13 23:38:04,087 [INFO] Progress: 1500/58653 (1.5 files/sec, ETA: 10.5h)
2025-11-13 23:39:18,727 [INFO] Progress: 1600/58653 (1.5 files/sec, ETA: 10.5h)
2025-11-13 23:40:28,616 [INFO] Progress: 1700/58653 (1.5 files/sec, ETA: 10.5h)
2025-11-13 23:41:38,636 [INFO] Progress: 1800/58653 (1.5 files/sec, ETA: 10.5h)
2025-11-13 23:42:47,714 [INFO] Progress: 1900/58653 (1.5 files/sec, ETA: 10.5h)
2025-11-13 23:43:59,433 [INFO] Progress: 2000/58653 (1.5 files/sec, ETA: 10.6h)
2025-11-13 23:45:13,949 [INFO] Progress: 2100/58653 (1.5 files/sec, ETA: 10.6h)
2025-11-13 23:46:29,210 [INFO] Progress: 2200/58653 (1.5 files/sec, ETA: 10.6h)
2025-11-13 23:48:05,460 [INFO] Progress: 2300/58653 (1.4 files/sec, ETA: 10.8h)
2025-11-13 23:49:21,405 [INFO] Progress: 2400/58653 (1.4 files/sec, ETA: 10.8h)
2025-11-13 23:50:37,348 [INFO] Progress: 2500/58653 (1.4 files/sec, ETA: 10.9h)
2025-11-13 23:51:57,115 [INFO] Progress: 2600/58653 (1.4 files/sec, ETA: 10.9h)
2025-11-13 23:53:11,601 [INFO] Progress: 2700/58653 (1.4 files/sec, ETA: 10.9h)
2025-11-13 23:54:26,348 [INFO] Progress: 2800/58653 (1.4 files/sec, ETA: 10.9h)
2025-11-13 23:55:39,358 [INFO] Progress: 2900/58653 (1.4 files/sec, ETA: 10.9h)
2025-11-13 23:56:53,961 [INFO] Progress: 3000/58653 (1.4 files/sec, ETA: 10.9h)
2025-11-13 23:58:07,176 [INFO] Progress: 3100/58653 (1.4 files/sec, ETA: 10.9h)
2025-11-13 23:59:25,546 [INFO] Progress: 3200/58653 (1.4 files/sec, ETA: 10.9h)
2025-11-14 00:00:40,028 [INFO] Progress: 3300/58653 (1.4 files/sec, ETA: 10.9h)
2025-11-14 00:03:33,923 [INFO] Progress: 3400/58653 (1.3 files/sec, ETA: 11.4h)
2025-11-14 00:04:47,623 [INFO] Progress: 3500/58653 (1.3 files/sec, ETA: 11.3h)
2025-11-14 00:06:01,156 [INFO] Progress: 3600/58653 (1.3 files/sec, ETA: 11.3h)
2025-11-14 00:07:25,385 [INFO] Progress: 3700/58653 (1.3 files/sec, ETA: 11.3h)
2025-11-14 00:08:51,772 [INFO] Progress: 3800/58653 (1.3 files/sec, ETA: 11.4h)
2025-11-14 00:10:07,717 [INFO] Progress: 3900/58653 (1.3 files/sec, ETA: 11.3h)
2025-11-14 00:11:21,684 [INFO] Progress: 4000/58653 (1.3 files/sec, ETA: 11.3h)
2025-11-14 00:12:36,722 [INFO] Progress: 4100/58653 (1.3 files/sec, ETA: 11.3h)
2025-11-14 00:13:52,552 [INFO] Progress: 4200/58653 (1.3 files/sec, ETA: 11.3h)
2025-11-14 00:15:06,901 [INFO] Progress: 4300/58653 (1.3 files/sec, ETA: 11.3h)
2025-11-14 00:16:21,030 [INFO] Progress: 4400/58653 (1.3 files/sec, ETA: 11.2h)
2025-11-14 00:17:35,223 [INFO] Progress: 4500/58653 (1.3 files/sec, ETA: 11.2h)
2025-11-14 00:18:51,311 [INFO] Progress: 4600/58653 (1.3 files/sec, ETA: 11.2h)
2025-11-14 00:20:05,438 [INFO] Progress: 4700/58653 (1.3 files/sec, ETA: 11.2h)
2025-11-14 00:21:19,982 [INFO] Progress: 4800/58653 (1.3 files/sec, ETA: 11.2h)
2025-11-14 00:22:34,705 [INFO] Progress: 4900/58653 (1.3 files/sec, ETA: 11.1h)
2025-11-14 00:23:49,196 [INFO] Progress: 5000/58653 (1.3 files/sec, ETA: 11.1h)
2025-11-14 00:25:04,597 [INFO] Progress: 5100/58653 (1.3 files/sec, ETA: 11.1h)
2025-11-14 00:26:20,489 [INFO] Progress: 5200/58653 (1.3 files/sec, ETA: 11.1h)
2025-11-14 00:27:36,633 [INFO] Progress: 5300/58653 (1.3 files/sec, ETA: 11.1h)
2025-11-14 00:28:56,886 [INFO] Progress: 5400/58653 (1.3 files/sec, ETA: 11.1h)
2025-11-14 00:30:14,736 [INFO] Progress: 5500/58653 (1.3 files/sec, ETA: 11.0h)
2025-11-14 00:31:29,341 [INFO] Progress: 5600/58653 (1.3 files/sec, ETA: 11.0h)
2025-11-14 00:32:47,826 [INFO] Progress: 5700/58653 (1.3 files/sec, ETA: 11.0h)
2025-11-14 00:34:03,263 [INFO] Progress: 5800/58653 (1.3 files/sec, ETA: 11.0h)
2025-11-14 00:35:19,641 [INFO] Progress: 5900/58653 (1.3 files/sec, ETA: 11.0h)
2025-11-14 00:36:36,420 [INFO] Progress: 6000/58653 (1.3 files/sec, ETA: 11.0h)
2025-11-14 00:37:51,661 [INFO] Progress: 6100/58653 (1.3 files/sec, ETA: 10.9h)
2025-11-14 00:39:07,156 [INFO] Progress: 6200/58653 (1.3 files/sec, ETA: 10.9h)
2025-11-14 00:40:23,061 [INFO] Progress: 6300/58653 (1.3 files/sec, ETA: 10.9h)
2025-11-14 00:41:41,903 [INFO] Progress: 6400/58653 (1.3 files/sec, ETA: 10.9h)
2025-11-14 00:42:57,524 [INFO] Progress: 6500/58653 (1.3 files/sec, ETA: 10.9h)
2025-11-14 00:44:13,243 [INFO] Progress: 6600/58653 (1.3 files/sec, ETA: 10.8h)
2025-11-14 00:45:28,476 [INFO] Progress: 6700/58653 (1.3 files/sec, ETA: 10.8h)
2025-11-14 00:46:45,051 [INFO] Progress: 6800/58653 (1.3 files/sec, ETA: 10.8h)
2025-11-14 00:48:01,897 [INFO] Progress: 6900/58653 (1.3 files/sec, ETA: 10.8h)
2025-11-14 00:49:22,729 [INFO] Progress: 7000/58653 (1.3 files/sec, ETA: 10.8h)
2025-11-14 00:50:39,629 [INFO] Progress: 7100/58653 (1.3 files/sec, ETA: 10.8h)
2025-11-14 00:52:02,205 [INFO] Progress: 7200/58653 (1.3 files/sec, ETA: 10.8h)
2025-11-14 00:53:18,761 [INFO] Progress: 7300/58653 (1.3 files/sec, ETA: 10.7h)
2025-11-14 00:54:35,861 [INFO] Progress: 7400/58653 (1.3 files/sec, ETA: 10.7h)
2025-11-14 00:55:53,324 [INFO] Progress: 7500/58653 (1.3 files/sec, ETA: 10.7h)
2025-11-14 00:57:09,976 [INFO] Progress: 7600/58653 (1.3 files/sec, ETA: 10.7h)
2025-11-14 00:58:26,847 [INFO] Progress: 7700/58653 (1.3 files/sec, ETA: 10.7h)
2025-11-14 00:59:43,926 [INFO] Progress: 7800/58653 (1.3 files/sec, ETA: 10.6h)
2025-11-14 01:01:00,635 [INFO] Progress: 7900/58653 (1.3 files/sec, ETA: 10.6h)
2025-11-14 01:02:18,594 [INFO] Progress: 8000/58653 (1.3 files/sec, ETA: 10.6h)
2025-11-14 01:03:36,808 [INFO] Progress: 8100/58653 (1.3 files/sec, ETA: 10.6h)
2025-11-14 01:04:59,203 [INFO] Progress: 8200/58653 (1.3 files/sec, ETA: 10.6h)
2025-11-14 01:06:16,924 [INFO] Progress: 8300/58653 (1.3 files/sec, ETA: 10.6h)
2025-11-14 01:07:34,992 [INFO] Progress: 8400/58653 (1.3 files/sec, ETA: 10.5h)
2025-11-14 01:08:59,161 [INFO] Progress: 8500/58653 (1.3 files/sec, ETA: 10.5h)
2025-11-14 01:10:17,108 [INFO] Progress: 8600/58653 (1.3 files/sec, ETA: 10.5h)
2025-11-14 01:11:34,765 [INFO] Progress: 8700/58653 (1.3 files/sec, ETA: 10.5h)
2025-11-14 01:12:52,365 [INFO] Progress: 8800/58653 (1.3 files/sec, ETA: 10.5h)
2025-11-14 01:14:10,880 [INFO] Progress: 8900/58653 (1.3 files/sec, ETA: 10.5h)
2025-11-14 01:15:30,978 [INFO] Progress: 9000/58653 (1.3 files/sec, ETA: 10.5h)
2025-11-14 01:16:49,335 [INFO] Progress: 9100/58653 (1.3 files/sec, ETA: 10.4h)
2025-11-14 01:18:07,822 [INFO] Progress: 9200/58653 (1.3 files/sec, ETA: 10.4h)
2025-11-14 01:19:26,931 [INFO] Progress: 9300/58653 (1.3 files/sec, ETA: 10.4h)
2025-11-14 01:20:44,662 [INFO] Progress: 9400/58653 (1.3 files/sec, ETA: 10.4h)
2025-11-14 01:22:03,132 [INFO] Progress: 9500/58653 (1.3 files/sec, ETA: 10.4h)
2025-11-14 01:23:20,496 [INFO] Progress: 9600/58653 (1.3 files/sec, ETA: 10.3h)
2025-11-14 01:24:39,900 [INFO] Progress: 9700/58653 (1.3 files/sec, ETA: 10.3h)
2025-11-14 01:25:57,096 [INFO] Progress: 9800/58653 (1.3 files/sec, ETA: 10.3h)
2025-11-14 01:27:14,796 [INFO] Progress: 9900/58653 (1.3 files/sec, ETA: 10.3h)
2025-11-14 01:28:32,961 [INFO] Progress: 10000/58653 (1.3 files/sec, ETA: 10.3h)
2025-11-14 01:29:52,394 [INFO] Progress: 10100/58653 (1.3 files/sec, ETA: 10.3h)
2025-11-14 01:31:12,026 [INFO] Progress: 10200/58653 (1.3 files/sec, ETA: 10.2h)
2025-11-14 01:32:30,630 [INFO] Progress: 10300/58653 (1.3 files/sec, ETA: 10.2h)
2025-11-14 01:33:49,327 [INFO] Progress: 10400/58653 (1.3 files/sec, ETA: 10.2h)
2025-11-14 01:35:07,264 [INFO] Progress: 10500/58653 (1.3 files/sec, ETA: 10.2h)
2025-11-14 01:36:25,479 [INFO] Progress: 10600/58653 (1.3 files/sec, ETA: 10.2h)
2025-11-14 01:37:45,563 [INFO] Progress: 10700/58653 (1.3 files/sec, ETA: 10.2h)
2025-11-14 01:39:03,715 [INFO] Progress: 10800/58653 (1.3 files/sec, ETA: 10.1h)
2025-11-14 01:40:22,238 [INFO] Progress: 10900/58653 (1.3 files/sec, ETA: 10.1h)
2025-11-14 01:41:42,528 [INFO] Progress: 11000/58653 (1.3 files/sec, ETA: 10.1h)
2025-11-14 01:43:01,561 [INFO] Progress: 11100/58653 (1.3 files/sec, ETA: 10.1h)
2025-11-14 01:44:22,506 [INFO] Progress: 11200/58653 (1.3 files/sec, ETA: 10.1h)
2025-11-14 01:45:44,001 [INFO] Progress: 11300/58653 (1.3 files/sec, ETA: 10.0h)
2025-11-14 01:47:06,451 [INFO] Progress: 11400/58653 (1.3 files/sec, ETA: 10.0h)
2025-11-14 01:48:26,962 [INFO] Progress: 11500/58653 (1.3 files/sec, ETA: 10.0h)
2025-11-14 01:49:46,419 [INFO] Progress: 11600/58653 (1.3 files/sec, ETA: 10.0h)
2025-11-14 01:51:08,922 [INFO] Progress: 11700/58653 (1.3 files/sec, ETA: 10.0h)
2025-11-14 01:52:27,804 [INFO] Progress: 11800/58653 (1.3 files/sec, ETA: 10.0h)
2025-11-14 01:53:46,558 [INFO] Progress: 11900/58653 (1.3 files/sec, ETA: 9.9h)
2025-11-14 01:55:05,041 [INFO] Progress: 12000/58653 (1.3 files/sec, ETA: 9.9h)
2025-11-14 01:56:24,048 [INFO] Progress: 12100/58653 (1.3 files/sec, ETA: 9.9h)
2025-11-14 01:57:42,931 [INFO] Progress: 12200/58653 (1.3 files/sec, ETA: 9.9h)
2025-11-14 01:59:03,008 [INFO] Progress: 12300/58653 (1.3 files/sec, ETA: 9.9h)
2025-11-14 02:00:21,563 [INFO] Progress: 12400/58653 (1.3 files/sec, ETA: 9.8h)
2025-11-14 02:01:43,597 [INFO] Progress: 12500/58653 (1.3 files/sec, ETA: 9.8h)
2025-11-14 02:03:02,387 [INFO] Progress: 12600/58653 (1.3 files/sec, ETA: 9.8h)
2025-11-14 02:04:21,304 [INFO] Progress: 12700/58653 (1.3 files/sec, ETA: 9.8h)
2025-11-14 02:05:41,499 [INFO] Progress: 12800/58653 (1.3 files/sec, ETA: 9.8h)
2025-11-14 02:07:00,844 [INFO] Progress: 12900/58653 (1.3 files/sec, ETA: 9.8h)
2025-11-14 02:08:19,963 [INFO] Progress: 13000/58653 (1.3 files/sec, ETA: 9.7h)
2025-11-14 02:09:40,118 [INFO] Progress: 13100/58653 (1.3 files/sec, ETA: 9.7h)
2025-11-14 02:11:00,774 [INFO] Progress: 13200/58653 (1.3 files/sec, ETA: 9.7h)
2025-11-14 02:12:20,732 [INFO] Progress: 13300/58653 (1.3 files/sec, ETA: 9.7h)
2025-11-14 02:13:40,531 [INFO] Progress: 13400/58653 (1.3 files/sec, ETA: 9.7h)
2025-11-14 02:15:00,660 [INFO] Progress: 13500/58653 (1.3 files/sec, ETA: 9.6h)
2025-11-14 02:16:23,026 [INFO] Progress: 13600/58653 (1.3 files/sec, ETA: 9.6h)
2025-11-14 02:17:42,443 [INFO] Progress: 13700/58653 (1.3 files/sec, ETA: 9.6h)
2025-11-14 02:19:02,491 [INFO] Progress: 13800/58653 (1.3 files/sec, ETA: 9.6h)
2025-11-14 02:20:24,883 [INFO] Progress: 13900/58653 (1.3 files/sec, ETA: 9.6h)
2025-11-14 02:21:44,887 [INFO] Progress: 14000/58653 (1.3 files/sec, ETA: 9.6h)
2025-11-14 02:23:05,355 [INFO] Progress: 14100/58653 (1.3 files/sec, ETA: 9.5h)
2025-11-14 02:24:26,902 [INFO] Progress: 14200/58653 (1.3 files/sec, ETA: 9.5h)
2025-11-14 02:25:47,707 [INFO] Progress: 14300/58653 (1.3 files/sec, ETA: 9.5h)
2025-11-14 02:27:08,691 [INFO] Progress: 14400/58653 (1.3 files/sec, ETA: 9.5h)
2025-11-14 02:28:29,049 [INFO] Progress: 14500/58653 (1.3 files/sec, ETA: 9.5h)
2025-11-14 02:29:50,140 [INFO] Progress: 14600/58653 (1.3 files/sec, ETA: 9.4h)
2025-11-14 02:31:11,760 [INFO] Progress: 14700/58653 (1.3 files/sec, ETA: 9.4h)
2025-11-14 02:32:36,480 [INFO] Progress: 14800/58653 (1.3 files/sec, ETA: 9.4h)
2025-11-14 02:33:57,457 [INFO] Progress: 14900/58653 (1.3 files/sec, ETA: 9.4h)
2025-11-14 02:35:18,080 [INFO] Progress: 15000/58653 (1.3 files/sec, ETA: 9.4h)
2025-11-14 02:36:38,134 [INFO] Progress: 15100/58653 (1.3 files/sec, ETA: 9.4h)
2025-11-14 02:37:57,881 [INFO] Progress: 15200/58653 (1.3 files/sec, ETA: 9.3h)
2025-11-14 02:39:18,396 [INFO] Progress: 15300/58653 (1.3 files/sec, ETA: 9.3h)
2025-11-14 02:40:39,485 [INFO] Progress: 15400/58653 (1.3 files/sec, ETA: 9.3h)
2025-11-14 02:41:59,682 [INFO] Progress: 15500/58653 (1.3 files/sec, ETA: 9.3h)
2025-11-14 02:43:19,935 [INFO] Progress: 15600/58653 (1.3 files/sec, ETA: 9.3h)
2025-11-14 02:44:39,601 [INFO] Progress: 15700/58653 (1.3 files/sec, ETA: 9.2h)
2025-11-14 02:46:00,219 [INFO] Progress: 15800/58653 (1.3 files/sec, ETA: 9.2h)
2025-11-14 02:47:21,201 [INFO] Progress: 15900/58653 (1.3 files/sec, ETA: 9.2h)
2025-11-14 02:48:42,220 [INFO] Progress: 16000/58653 (1.3 files/sec, ETA: 9.2h)
2025-11-14 02:50:04,095 [INFO] Progress: 16100/58653 (1.3 files/sec, ETA: 9.2h)
2025-11-14 02:51:28,034 [INFO] Progress: 16200/58653 (1.3 files/sec, ETA: 9.1h)
2025-11-14 02:52:48,884 [INFO] Progress: 16300/58653 (1.3 files/sec, ETA: 9.1h)
2025-11-14 02:54:09,678 [INFO] Progress: 16400/58653 (1.3 files/sec, ETA: 9.1h)
2025-11-14 02:55:30,306 [INFO] Progress: 16500/58653 (1.3 files/sec, ETA: 9.1h)
2025-11-14 02:56:57,657 [INFO] Progress: 16600/58653 (1.3 files/sec, ETA: 9.1h)
2025-11-14 02:58:19,653 [INFO] Progress: 16700/58653 (1.3 files/sec, ETA: 9.1h)
2025-11-14 02:59:42,981 [INFO] Progress: 16800/58653 (1.3 files/sec, ETA: 9.0h)
2025-11-14 03:01:04,061 [INFO] Progress: 16900/58653 (1.3 files/sec, ETA: 9.0h)
2025-11-14 03:02:28,270 [INFO] Progress: 17000/58653 (1.3 files/sec, ETA: 9.0h)
2025-11-14 03:03:52,725 [INFO] Progress: 17100/58653 (1.3 files/sec, ETA: 9.0h)
2025-11-14 03:05:15,448 [INFO] Progress: 17200/58653 (1.3 files/sec, ETA: 9.0h)
2025-11-14 03:06:36,429 [INFO] Progress: 17300/58653 (1.3 files/sec, ETA: 8.9h)
2025-11-14 03:07:58,417 [INFO] Progress: 17400/58653 (1.3 files/sec, ETA: 8.9h)
2025-11-14 03:09:21,333 [INFO] Progress: 17500/58653 (1.3 files/sec, ETA: 8.9h)
2025-11-14 03:10:43,388 [INFO] Progress: 17600/58653 (1.3 files/sec, ETA: 8.9h)
2025-11-14 03:12:05,353 [INFO] Progress: 17700/58653 (1.3 files/sec, ETA: 8.9h)
2025-11-14 03:13:27,887 [INFO] Progress: 17800/58653 (1.3 files/sec, ETA: 8.8h)
2025-11-14 03:14:49,910 [INFO] Progress: 17900/58653 (1.3 files/sec, ETA: 8.8h)
2025-11-14 03:16:12,414 [INFO] Progress: 18000/58653 (1.3 files/sec, ETA: 8.8h)
2025-11-14 03:17:33,885 [INFO] Progress: 18100/58653 (1.3 files/sec, ETA: 8.8h)
2025-11-14 03:18:55,259 [INFO] Progress: 18200/58653 (1.3 files/sec, ETA: 8.8h)
2025-11-14 03:20:17,427 [INFO] Progress: 18300/58653 (1.3 files/sec, ETA: 8.8h)
2025-11-14 03:21:39,334 [INFO] Progress: 18400/58653 (1.3 files/sec, ETA: 8.7h)
2025-11-14 03:23:02,650 [INFO] Progress: 18500/58653 (1.3 files/sec, ETA: 8.7h)
2025-11-14 03:24:26,258 [INFO] Progress: 18600/58653 (1.3 files/sec, ETA: 8.7h)
2025-11-14 03:25:48,524 [INFO] Progress: 18700/58653 (1.3 files/sec, ETA: 8.7h)
2025-11-14 03:27:12,591 [INFO] Progress: 18800/58653 (1.3 files/sec, ETA: 8.7h)
2025-11-14 03:28:35,055 [INFO] Progress: 18900/58653 (1.3 files/sec, ETA: 8.6h)
2025-11-14 03:29:57,909 [INFO] Progress: 19000/58653 (1.3 files/sec, ETA: 8.6h)
2025-11-14 03:31:20,684 [INFO] Progress: 19100/58653 (1.3 files/sec, ETA: 8.6h)
2025-11-14 03:32:44,012 [INFO] Progress: 19200/58653 (1.3 files/sec, ETA: 8.6h)
2025-11-14 03:34:11,599 [INFO] Progress: 19300/58653 (1.3 files/sec, ETA: 8.6h)
2025-11-14 03:35:36,318 [INFO] Progress: 19400/58653 (1.3 files/sec, ETA: 8.5h)
2025-11-14 03:37:00,034 [INFO] Progress: 19500/58653 (1.3 files/sec, ETA: 8.5h)
2025-11-14 03:38:23,478 [INFO] Progress: 19600/58653 (1.3 files/sec, ETA: 8.5h)
2025-11-14 03:39:45,806 [INFO] Progress: 19700/58653 (1.3 files/sec, ETA: 8.5h)
2025-11-14 03:41:10,879 [INFO] Progress: 19800/58653 (1.3 files/sec, ETA: 8.5h)
2025-11-14 03:42:36,221 [INFO] Progress: 19900/58653 (1.3 files/sec, ETA: 8.4h)
2025-11-14 03:44:00,760 [INFO] Progress: 20000/58653 (1.3 files/sec, ETA: 8.4h)
2025-11-14 03:45:23,670 [INFO] Progress: 20100/58653 (1.3 files/sec, ETA: 8.4h)
2025-11-14 03:46:46,620 [INFO] Progress: 20200/58653 (1.3 files/sec, ETA: 8.4h)
2025-11-14 03:48:09,868 [INFO] Progress: 20300/58653 (1.3 files/sec, ETA: 8.4h)
2025-11-14 03:49:34,979 [INFO] Progress: 20400/58653 (1.3 files/sec, ETA: 8.4h)
2025-11-14 03:50:59,151 [INFO] Progress: 20500/58653 (1.3 files/sec, ETA: 8.3h)
2025-11-14 03:52:23,355 [INFO] Progress: 20600/58653 (1.3 files/sec, ETA: 8.3h)
2025-11-14 03:53:47,596 [INFO] Progress: 20700/58653 (1.3 files/sec, ETA: 8.3h)
2025-11-14 03:55:11,111 [INFO] Progress: 20800/58653 (1.3 files/sec, ETA: 8.3h)
2025-11-14 03:56:35,097 [INFO] Progress: 20900/58653 (1.3 files/sec, ETA: 8.3h)
2025-11-14 03:57:59,814 [INFO] Progress: 21000/58653 (1.3 files/sec, ETA: 8.2h)
2025-11-14 03:59:25,929 [INFO] Progress: 21100/58653 (1.3 files/sec, ETA: 8.2h)
2025-11-14 04:00:51,363 [INFO] Progress: 21200/58653 (1.3 files/sec, ETA: 8.2h)
2025-11-14 04:02:20,372 [INFO] Progress: 21300/58653 (1.3 files/sec, ETA: 8.2h)
2025-11-14 04:03:45,027 [INFO] Progress: 21400/58653 (1.3 files/sec, ETA: 8.2h)
2025-11-14 04:05:08,607 [INFO] Progress: 21500/58653 (1.3 files/sec, ETA: 8.1h)
2025-11-14 04:06:33,014 [INFO] Progress: 21600/58653 (1.3 files/sec, ETA: 8.1h)
2025-11-14 04:07:57,435 [INFO] Progress: 21700/58653 (1.3 files/sec, ETA: 8.1h)
2025-11-14 04:09:22,634 [INFO] Progress: 21800/58653 (1.3 files/sec, ETA: 8.1h)
2025-11-14 04:10:46,590 [INFO] Progress: 21900/58653 (1.3 files/sec, ETA: 8.1h)
2025-11-14 04:12:11,261 [INFO] Progress: 22000/58653 (1.3 files/sec, ETA: 8.0h)
2025-11-14 04:13:35,107 [INFO] Progress: 22100/58653 (1.3 files/sec, ETA: 8.0h)
2025-11-14 04:14:59,878 [INFO] Progress: 22200/58653 (1.3 files/sec, ETA: 8.0h)
2025-11-14 04:16:24,896 [INFO] Progress: 22300/58653 (1.3 files/sec, ETA: 8.0h)
2025-11-14 04:17:51,811 [INFO] Progress: 22400/58653 (1.3 files/sec, ETA: 8.0h)
2025-11-14 04:19:17,141 [INFO] Progress: 22500/58653 (1.3 files/sec, ETA: 8.0h)
2025-11-14 04:20:40,743 [INFO] Progress: 22600/58653 (1.3 files/sec, ETA: 7.9h)
2025-11-14 04:22:07,022 [INFO] Progress: 22700/58653 (1.3 files/sec, ETA: 7.9h)
2025-11-14 04:23:31,615 [INFO] Progress: 22800/58653 (1.3 files/sec, ETA: 7.9h)
2025-11-14 04:25:04,231 [INFO] Progress: 22900/58653 (1.3 files/sec, ETA: 7.9h)
2025-11-14 04:26:33,436 [INFO] Progress: 23000/58653 (1.3 files/sec, ETA: 7.9h)
2025-11-14 04:27:57,905 [INFO] Progress: 23100/58653 (1.3 files/sec, ETA: 7.8h)
2025-11-14 04:29:25,802 [INFO] Progress: 23200/58653 (1.3 files/sec, ETA: 7.8h)
2025-11-14 04:30:50,397 [INFO] Progress: 23300/58653 (1.3 files/sec, ETA: 7.8h)
2025-11-14 04:32:15,411 [INFO] Progress: 23400/58653 (1.3 files/sec, ETA: 7.8h)
2025-11-14 04:33:43,158 [INFO] Progress: 23500/58653 (1.3 files/sec, ETA: 7.8h)
2025-11-14 04:35:07,602 [INFO] Progress: 23600/58653 (1.3 files/sec, ETA: 7.7h)
2025-11-14 04:36:32,868 [INFO] Progress: 23700/58653 (1.3 files/sec, ETA: 7.7h)
2025-11-14 04:37:57,609 [INFO] Progress: 23800/58653 (1.3 files/sec, ETA: 7.7h)
2025-11-14 04:39:25,990 [INFO] Progress: 23900/58653 (1.3 files/sec, ETA: 7.7h)
2025-11-14 04:40:50,664 [INFO] Progress: 24000/58653 (1.3 files/sec, ETA: 7.7h)
2025-11-14 04:42:16,913 [INFO] Progress: 24100/58653 (1.3 files/sec, ETA: 7.6h)
2025-11-14 04:43:41,793 [INFO] Progress: 24200/58653 (1.3 files/sec, ETA: 7.6h)
2025-11-14 04:45:06,971 [INFO] Progress: 24300/58653 (1.3 files/sec, ETA: 7.6h)
2025-11-14 04:46:32,356 [INFO] Progress: 24400/58653 (1.3 files/sec, ETA: 7.6h)
2025-11-14 04:47:59,684 [INFO] Progress: 24500/58653 (1.3 files/sec, ETA: 7.6h)
2025-11-14 04:49:27,351 [INFO] Progress: 24600/58653 (1.3 files/sec, ETA: 7.5h)
2025-11-14 04:50:53,120 [INFO] Progress: 24700/58653 (1.3 files/sec, ETA: 7.5h)
2025-11-14 04:52:19,564 [INFO] Progress: 24800/58653 (1.2 files/sec, ETA: 7.5h)
2025-11-14 04:53:49,225 [INFO] Progress: 24900/58653 (1.2 files/sec, ETA: 7.5h)
2025-11-14 04:55:14,501 [INFO] Progress: 25000/58653 (1.2 files/sec, ETA: 7.5h)
2025-11-14 04:56:39,724 [INFO] Progress: 25100/58653 (1.2 files/sec, ETA: 7.4h)
2025-11-14 04:58:05,892 [INFO] Progress: 25200/58653 (1.2 files/sec, ETA: 7.4h)
2025-11-14 04:59:32,754 [INFO] Progress: 25300/58653 (1.2 files/sec, ETA: 7.4h)
2025-11-14 05:00:59,899 [INFO] Progress: 25400/58653 (1.2 files/sec, ETA: 7.4h)
2025-11-14 05:02:27,371 [INFO] Progress: 25500/58653 (1.2 files/sec, ETA: 7.4h)
2025-11-14 05:03:53,500 [INFO] Progress: 25600/58653 (1.2 files/sec, ETA: 7.3h)
2025-11-14 05:05:22,373 [INFO] Progress: 25700/58653 (1.2 files/sec, ETA: 7.3h)
2025-11-14 05:06:50,041 [INFO] Progress: 25800/58653 (1.2 files/sec, ETA: 7.3h)
2025-11-14 05:08:17,297 [INFO] Progress: 25900/58653 (1.2 files/sec, ETA: 7.3h)
2025-11-14 05:09:43,881 [INFO] Progress: 26000/58653 (1.2 files/sec, ETA: 7.3h)
2025-11-14 05:11:11,159 [INFO] Progress: 26100/58653 (1.2 files/sec, ETA: 7.2h)
2025-11-14 05:12:39,050 [INFO] Progress: 26200/58653 (1.2 files/sec, ETA: 7.2h)
2025-11-14 05:14:06,536 [INFO] Progress: 26300/58653 (1.2 files/sec, ETA: 7.2h)
2025-11-14 05:15:37,757 [INFO] Progress: 26400/58653 (1.2 files/sec, ETA: 7.2h)
2025-11-14 05:17:04,732 [INFO] Progress: 26500/58653 (1.2 files/sec, ETA: 7.2h)
2025-11-14 05:18:30,702 [INFO] Progress: 26600/58653 (1.2 files/sec, ETA: 7.1h)
2025-11-14 05:19:56,432 [INFO] Progress: 26700/58653 (1.2 files/sec, ETA: 7.1h)
2025-11-14 05:21:22,433 [INFO] Progress: 26800/58653 (1.2 files/sec, ETA: 7.1h)
2025-11-14 05:22:49,021 [INFO] Progress: 26900/58653 (1.2 files/sec, ETA: 7.1h)
2025-11-14 05:24:16,654 [INFO] Progress: 27000/58653 (1.2 files/sec, ETA: 7.1h)
2025-11-14 05:25:45,648 [INFO] Progress: 27100/58653 (1.2 files/sec, ETA: 7.0h)
2025-11-14 05:27:13,454 [INFO] Progress: 27200/58653 (1.2 files/sec, ETA: 7.0h)
2025-11-14 05:28:39,696 [INFO] Progress: 27300/58653 (1.2 files/sec, ETA: 7.0h)
2025-11-14 05:30:06,544 [INFO] Progress: 27400/58653 (1.2 files/sec, ETA: 7.0h)
2025-11-14 05:31:35,330 [INFO] Progress: 27500/58653 (1.2 files/sec, ETA: 7.0h)
2025-11-14 05:33:02,228 [INFO] Progress: 27600/58653 (1.2 files/sec, ETA: 6.9h)
2025-11-14 05:34:31,992 [INFO] Progress: 27700/58653 (1.2 files/sec, ETA: 6.9h)
2025-11-14 05:36:02,142 [INFO] Progress: 27800/58653 (1.2 files/sec, ETA: 6.9h)
2025-11-14 05:37:31,778 [INFO] Progress: 27900/58653 (1.2 files/sec, ETA: 6.9h)
2025-11-14 05:39:00,626 [INFO] Progress: 28000/58653 (1.2 files/sec, ETA: 6.9h)
2025-11-14 05:40:32,637 [INFO] Progress: 28100/58653 (1.2 files/sec, ETA: 6.8h)
2025-11-14 05:42:02,780 [INFO] Progress: 28200/58653 (1.2 files/sec, ETA: 6.8h)
2025-11-14 05:43:31,128 [INFO] Progress: 28300/58653 (1.2 files/sec, ETA: 6.8h)
2025-11-14 05:45:00,014 [INFO] Progress: 28400/58653 (1.2 files/sec, ETA: 6.8h)
2025-11-14 05:46:28,478 [INFO] Progress: 28500/58653 (1.2 files/sec, ETA: 6.8h)
2025-11-14 05:47:56,385 [INFO] Progress: 28600/58653 (1.2 files/sec, ETA: 6.7h)
2025-11-14 05:49:26,450 [INFO] Progress: 28700/58653 (1.2 files/sec, ETA: 6.7h)
2025-11-14 05:50:59,838 [INFO] Progress: 28800/58653 (1.2 files/sec, ETA: 6.7h)
2025-11-14 05:52:27,757 [INFO] Progress: 28900/58653 (1.2 files/sec, ETA: 6.7h)
2025-11-14 05:53:56,167 [INFO] Progress: 29000/58653 (1.2 files/sec, ETA: 6.7h)
2025-11-14 05:55:35,031 [INFO] Progress: 29100/58653 (1.2 files/sec, ETA: 6.6h)
2025-11-14 05:57:03,496 [INFO] Progress: 29200/58653 (1.2 files/sec, ETA: 6.6h)
2025-11-14 05:58:32,572 [INFO] Progress: 29300/58653 (1.2 files/sec, ETA: 6.6h)
2025-11-14 06:00:04,291 [INFO] Progress: 29400/58653 (1.2 files/sec, ETA: 6.6h)
2025-11-14 06:01:33,194 [INFO] Progress: 29500/58653 (1.2 files/sec, ETA: 6.6h)
2025-11-14 06:03:02,355 [INFO] Progress: 29600/58653 (1.2 files/sec, ETA: 6.5h)
2025-11-14 06:04:51,991 [INFO] Progress: 29700/58653 (1.2 files/sec, ETA: 6.5h)
2025-11-14 06:06:20,076 [INFO] Progress: 29800/58653 (1.2 files/sec, ETA: 6.5h)
2025-11-14 06:07:48,930 [INFO] Progress: 29900/58653 (1.2 files/sec, ETA: 6.5h)
2025-11-14 06:09:18,311 [INFO] Progress: 30000/58653 (1.2 files/sec, ETA: 6.5h)
2025-11-14 06:11:09,291 [INFO] Progress: 30100/58653 (1.2 files/sec, ETA: 6.5h)
2025-11-14 06:12:38,725 [INFO] Progress: 30200/58653 (1.2 files/sec, ETA: 6.4h)
2025-11-14 06:14:09,205 [INFO] Progress: 30300/58653 (1.2 files/sec, ETA: 6.4h)
2025-11-14 06:15:37,653 [INFO] Progress: 30400/58653 (1.2 files/sec, ETA: 6.4h)
2025-11-14 06:17:08,038 [INFO] Progress: 30500/58653 (1.2 files/sec, ETA: 6.4h)
2025-11-14 06:18:37,942 [INFO] Progress: 30600/58653 (1.2 files/sec, ETA: 6.3h)
2025-11-14 06:20:10,055 [INFO] Progress: 30700/58653 (1.2 files/sec, ETA: 6.3h)
2025-11-14 06:21:41,775 [INFO] Progress: 30800/58653 (1.2 files/sec, ETA: 6.3h)
2025-11-14 06:23:11,077 [INFO] Progress: 30900/58653 (1.2 files/sec, ETA: 6.3h)
2025-11-14 06:24:41,618 [INFO] Progress: 31000/58653 (1.2 files/sec, ETA: 6.3h)
2025-11-14 06:26:12,594 [INFO] Progress: 31100/58653 (1.2 files/sec, ETA: 6.2h)
2025-11-14 06:27:43,659 [INFO] Progress: 31200/58653 (1.2 files/sec, ETA: 6.2h)
2025-11-14 06:29:14,534 [INFO] Progress: 31300/58653 (1.2 files/sec, ETA: 6.2h)
2025-11-14 06:30:50,499 [INFO] Progress: 31400/58653 (1.2 files/sec, ETA: 6.2h)
2025-11-14 06:32:23,664 [INFO] Progress: 31500/58653 (1.2 files/sec, ETA: 6.2h)
2025-11-14 06:33:54,195 [INFO] Progress: 31600/58653 (1.2 files/sec, ETA: 6.1h)
2025-11-14 06:35:26,071 [INFO] Progress: 31700/58653 (1.2 files/sec, ETA: 6.1h)
2025-11-14 06:36:55,858 [INFO] Progress: 31800/58653 (1.2 files/sec, ETA: 6.1h)
2025-11-14 06:38:29,877 [INFO] Progress: 31900/58653 (1.2 files/sec, ETA: 6.1h)
2025-11-14 06:40:03,625 [INFO] Progress: 32000/58653 (1.2 files/sec, ETA: 6.1h)
2025-11-14 06:41:37,341 [INFO] Progress: 32100/58653 (1.2 files/sec, ETA: 6.0h)
2025-11-14 06:43:09,640 [INFO] Progress: 32200/58653 (1.2 files/sec, ETA: 6.0h)
2025-11-14 06:44:42,070 [INFO] Progress: 32300/58653 (1.2 files/sec, ETA: 6.0h)
2025-11-14 06:46:14,865 [INFO] Progress: 32400/58653 (1.2 files/sec, ETA: 6.0h)
2025-11-14 06:47:47,204 [INFO] Progress: 32500/58653 (1.2 files/sec, ETA: 6.0h)
2025-11-14 06:49:20,509 [INFO] Progress: 32600/58653 (1.2 files/sec, ETA: 5.9h)
2025-11-14 06:51:01,048 [INFO] Progress: 32700/58653 (1.2 files/sec, ETA: 5.9h)
2025-11-14 06:52:35,941 [INFO] Progress: 32800/58653 (1.2 files/sec, ETA: 5.9h)
2025-11-14 06:54:09,386 [INFO] Progress: 32900/58653 (1.2 files/sec, ETA: 5.9h)
2025-11-14 06:55:46,127 [INFO] Progress: 33000/58653 (1.2 files/sec, ETA: 5.9h)
2025-11-14 06:57:20,751 [INFO] Progress: 33100/58653 (1.2 files/sec, ETA: 5.8h)
2025-11-14 06:58:55,323 [INFO] Progress: 33200/58653 (1.2 files/sec, ETA: 5.8h)
2025-11-14 07:00:31,445 [INFO] Progress: 33300/58653 (1.2 files/sec, ETA: 5.8h)
2025-11-14 07:02:06,020 [INFO] Progress: 33400/58653 (1.2 files/sec, ETA: 5.8h)
2025-11-14 07:03:39,927 [INFO] Progress: 33500/58653 (1.2 files/sec, ETA: 5.8h)
2025-11-14 07:05:15,676 [INFO] Progress: 33600/58653 (1.2 files/sec, ETA: 5.7h)
2025-11-14 07:06:55,772 [INFO] Progress: 33700/58653 (1.2 files/sec, ETA: 5.7h)
2025-11-14 07:08:29,604 [INFO] Progress: 33800/58653 (1.2 files/sec, ETA: 5.7h)
2025-11-14 07:10:06,006 [INFO] Progress: 33900/58653 (1.2 files/sec, ETA: 5.7h)
2025-11-14 07:11:43,938 [INFO] Progress: 34000/58653 (1.2 files/sec, ETA: 5.7h)
2025-11-14 07:13:19,018 [INFO] Progress: 34100/58653 (1.2 files/sec, ETA: 5.6h)
2025-11-14 07:14:53,525 [INFO] Progress: 34200/58653 (1.2 files/sec, ETA: 5.6h)
2025-11-14 07:16:29,042 [INFO] Progress: 34300/58653 (1.2 files/sec, ETA: 5.6h)
2025-11-14 07:18:03,655 [INFO] Progress: 34400/58653 (1.2 files/sec, ETA: 5.6h)
2025-11-14 07:19:39,676 [INFO] Progress: 34500/58653 (1.2 files/sec, ETA: 5.6h)
2025-11-14 07:21:18,336 [INFO] Progress: 34600/58653 (1.2 files/sec, ETA: 5.5h)
2025-11-14 07:22:57,697 [INFO] Progress: 34700/58653 (1.2 files/sec, ETA: 5.5h)
2025-11-14 07:24:33,866 [INFO] Progress: 34800/58653 (1.2 files/sec, ETA: 5.5h)
2025-11-14 07:26:10,419 [INFO] Progress: 34900/58653 (1.2 files/sec, ETA: 5.5h)
2025-11-14 07:27:47,806 [INFO] Progress: 35000/58653 (1.2 files/sec, ETA: 5.5h)
2025-11-14 07:29:24,067 [INFO] Progress: 35100/58653 (1.2 files/sec, ETA: 5.4h)
2025-11-14 07:31:02,277 [INFO] Progress: 35200/58653 (1.2 files/sec, ETA: 5.4h)
2025-11-14 07:32:40,001 [INFO] Progress: 35300/58653 (1.2 files/sec, ETA: 5.4h)
2025-11-14 07:34:18,620 [INFO] Progress: 35400/58653 (1.2 files/sec, ETA: 5.4h)
2025-11-14 07:35:59,208 [INFO] Progress: 35500/58653 (1.2 files/sec, ETA: 5.4h)
2025-11-14 07:37:36,940 [INFO] Progress: 35600/58653 (1.2 files/sec, ETA: 5.3h)
2025-11-14 07:39:14,184 [INFO] Progress: 35700/58653 (1.2 files/sec, ETA: 5.3h)
2025-11-14 07:40:51,370 [INFO] Progress: 35800/58653 (1.2 files/sec, ETA: 5.3h)
2025-11-14 07:42:37,349 [INFO] Progress: 35900/58653 (1.2 files/sec, ETA: 5.3h)
2025-11-14 07:44:18,198 [INFO] Progress: 36000/58653 (1.2 files/sec, ETA: 5.2h)
2025-11-14 07:46:01,310 [INFO] Progress: 36100/58653 (1.2 files/sec, ETA: 5.2h)
2025-11-14 07:47:40,711 [INFO] Progress: 36200/58653 (1.2 files/sec, ETA: 5.2h)
2025-11-14 07:49:19,908 [INFO] Progress: 36300/58653 (1.2 files/sec, ETA: 5.2h)
2025-11-14 07:50:58,882 [INFO] Progress: 36400/58653 (1.2 files/sec, ETA: 5.2h)
2025-11-14 07:52:37,858 [INFO] Progress: 36500/58653 (1.2 files/sec, ETA: 5.1h)
2025-11-14 07:54:23,600 [INFO] Progress: 36600/58653 (1.2 files/sec, ETA: 5.1h)
2025-11-14 07:56:05,813 [INFO] Progress: 36700/58653 (1.2 files/sec, ETA: 5.1h)
2025-11-14 07:57:46,969 [INFO] Progress: 36800/58653 (1.2 files/sec, ETA: 5.1h)
2025-11-14 07:59:27,562 [INFO] Progress: 36900/58653 (1.2 files/sec, ETA: 5.1h)
2025-11-14 08:01:07,480 [INFO] Progress: 37000/58653 (1.2 files/sec, ETA: 5.0h)
2025-11-14 08:02:48,382 [INFO] Progress: 37100/58653 (1.2 files/sec, ETA: 5.0h)
2025-11-14 08:04:29,763 [INFO] Progress: 37200/58653 (1.2 files/sec, ETA: 5.0h)
2025-11-14 08:06:11,877 [INFO] Progress: 37300/58653 (1.2 files/sec, ETA: 5.0h)
2025-11-14 08:07:53,140 [INFO] Progress: 37400/58653 (1.2 files/sec, ETA: 5.0h)
2025-11-14 08:09:36,734 [INFO] Progress: 37500/58653 (1.2 files/sec, ETA: 4.9h)
2025-11-14 08:11:17,191 [INFO] Progress: 37600/58653 (1.2 files/sec, ETA: 4.9h)
2025-11-14 08:12:59,542 [INFO] Progress: 37700/58653 (1.2 files/sec, ETA: 4.9h)
2025-11-14 08:14:41,393 [INFO] Progress: 37800/58653 (1.2 files/sec, ETA: 4.9h)
2025-11-14 08:16:25,130 [INFO] Progress: 37900/58653 (1.2 files/sec, ETA: 4.9h)
2025-11-14 08:18:08,273 [INFO] Progress: 38000/58653 (1.2 files/sec, ETA: 4.8h)
2025-11-14 08:19:50,507 [INFO] Progress: 38100/58653 (1.2 files/sec, ETA: 4.8h)
2025-11-14 08:21:34,456 [INFO] Progress: 38200/58653 (1.2 files/sec, ETA: 4.8h)
2025-11-14 08:23:17,973 [INFO] Progress: 38300/58653 (1.2 files/sec, ETA: 4.8h)
2025-11-14 08:25:02,448 [INFO] Progress: 38400/58653 (1.2 files/sec, ETA: 4.8h)
2025-11-14 08:26:46,969 [INFO] Progress: 38500/58653 (1.2 files/sec, ETA: 4.7h)
2025-11-14 08:28:30,220 [INFO] Progress: 38600/58653 (1.2 files/sec, ETA: 4.7h)
2025-11-14 08:30:13,792 [INFO] Progress: 38700/58653 (1.2 files/sec, ETA: 4.7h)
2025-11-14 08:31:56,576 [INFO] Progress: 38800/58653 (1.2 files/sec, ETA: 4.7h)
2025-11-14 08:33:40,718 [INFO] Progress: 38900/58653 (1.2 files/sec, ETA: 4.6h)
2025-11-14 08:35:26,394 [INFO] Progress: 39000/58653 (1.2 files/sec, ETA: 4.6h)
2025-11-14 08:37:11,673 [INFO] Progress: 39100/58653 (1.2 files/sec, ETA: 4.6h)
2025-11-14 08:38:59,050 [INFO] Progress: 39200/58653 (1.2 files/sec, ETA: 4.6h)
2025-11-14 08:40:43,045 [INFO] Progress: 39300/58653 (1.2 files/sec, ETA: 4.6h)
2025-11-14 08:42:30,792 [INFO] Progress: 39400/58653 (1.2 files/sec, ETA: 4.5h)
2025-11-14 08:44:16,167 [INFO] Progress: 39500/58653 (1.2 files/sec, ETA: 4.5h)
2025-11-14 08:46:10,894 [INFO] Progress: 39600/58653 (1.2 files/sec, ETA: 4.5h)
2025-11-14 08:47:55,836 [INFO] Progress: 39700/58653 (1.2 files/sec, ETA: 4.5h)
2025-11-14 08:49:42,659 [INFO] Progress: 39800/58653 (1.2 files/sec, ETA: 4.5h)
2025-11-14 08:51:27,333 [INFO] Progress: 39900/58653 (1.2 files/sec, ETA: 4.4h)
2025-11-14 08:53:13,162 [INFO] Progress: 40000/58653 (1.2 files/sec, ETA: 4.4h)
2025-11-14 08:54:59,740 [INFO] Progress: 40100/58653 (1.2 files/sec, ETA: 4.4h)
2025-11-14 08:56:46,705 [INFO] Progress: 40200/58653 (1.2 files/sec, ETA: 4.4h)
2025-11-14 08:58:32,265 [INFO] Progress: 40300/58653 (1.2 files/sec, ETA: 4.4h)
2025-11-14 09:00:18,050 [INFO] Progress: 40400/58653 (1.2 files/sec, ETA: 4.3h)
2025-11-14 09:02:04,472 [INFO] Progress: 40500/58653 (1.2 files/sec, ETA: 4.3h)
2025-11-14 09:03:52,044 [INFO] Progress: 40600/58653 (1.2 files/sec, ETA: 4.3h)
2025-11-14 09:05:39,267 [INFO] Progress: 40700/58653 (1.2 files/sec, ETA: 4.3h)
2025-11-14 09:07:25,227 [INFO] Progress: 40800/58653 (1.2 files/sec, ETA: 4.2h)
2025-11-14 09:09:12,348 [INFO] Progress: 40900/58653 (1.2 files/sec, ETA: 4.2h)
2025-11-14 09:10:59,517 [INFO] Progress: 41000/58653 (1.2 files/sec, ETA: 4.2h)
2025-11-14 09:12:47,378 [INFO] Progress: 41100/58653 (1.2 files/sec, ETA: 4.2h)
2025-11-14 09:14:25,342 [INFO] Progress: 41200/58653 (1.2 files/sec, ETA: 4.2h)
2025-11-14 09:16:01,636 [INFO] Progress: 41300/58653 (1.2 files/sec, ETA: 4.1h)
2025-11-14 09:17:43,675 [INFO] Progress: 41400/58653 (1.2 files/sec, ETA: 4.1h)
2025-11-14 09:19:34,257 [INFO] Progress: 41500/58653 (1.2 files/sec, ETA: 4.1h)
