2025-11-14 16:36:13,661 [INFO] ================================================================================
2025-11-14 16:36:13,661 [INFO] OVERNIGHT STEP RENDERING
2025-11-14 16:36:13,661 [INFO] ================================================================================
2025-11-14 16:36:13,662 [INFO] Started: 2025-11-14 16:36:13
2025-11-14 16:36:13,662 [INFO] Log file: logs\render_20251114_163613.log
2025-11-14 16:36:13,662 [INFO] ================================================================================
2025-11-14 16:36:13,662 [INFO] Source: data\Omni-CAD-subset\step
2025-11-14 16:36:13,662 [INFO] Output: data\Omni-CAD-subset\img
2025-11-14 16:36:13,662 [INFO] Views per model: 8
2025-11-14 16:36:13,663 [INFO] 
Scanning for STEP files...
2025-11-14 16:36:14,126 [INFO] Found 58,653 STEP files
2025-11-14 16:36:14,126 [INFO] 
Initializing renderer...
2025-11-14 16:36:15,339 [INFO] 
================================================================================
2025-11-14 16:36:15,339 [INFO] Starting rendering...
2025-11-14 16:36:15,340 [INFO] ================================================================================

2025-11-14 16:37:59,336 [INFO] Progress: 100/58653 (1.0 files/sec, ETA: 1.4h)
2025-11-14 16:39:11,678 [INFO] Progress: 200/58653 (1.1 files/sec, ETA: 1.2h)
2025-11-14 16:40:27,042 [INFO] Progress: 300/58653 (1.2 files/sec, ETA: 1.1h)
2025-11-14 16:41:40,848 [INFO] Progress: 400/58653 (1.2 files/sec, ETA: 1.0h)
2025-11-14 16:42:56,179 [INFO] Progress: 500/58653 (1.2 files/sec, ETA: 1.0h)
2025-11-14 16:44:08,489 [INFO] Progress: 600/58653 (1.3 files/sec, ETA: 1.0h)
2025-11-14 16:45:21,745 [INFO] Progress: 700/58653 (1.3 files/sec, ETA: 0.9h)
2025-11-14 16:46:37,333 [INFO] Progress: 800/58653 (1.3 files/sec, ETA: 0.9h)
2025-11-14 16:47:50,731 [INFO] Progress: 900/58653 (1.3 files/sec, ETA: 0.9h)
2025-11-14 16:49:03,063 [INFO] Progress: 1000/58653 (1.3 files/sec, ETA: 0.9h)
2025-11-14 16:50:15,390 [INFO] Progress: 1100/58653 (1.3 files/sec, ETA: 0.8h)
2025-11-14 16:51:29,284 [INFO] Progress: 1200/58653 (1.3 files/sec, ETA: 0.8h)
2025-11-14 16:52:40,220 [INFO] Progress: 1300/58653 (1.3 files/sec, ETA: 0.8h)
2025-11-14 16:53:51,757 [INFO] Progress: 1400/58653 (1.3 files/sec, ETA: 0.8h)
2025-11-14 16:55:03,413 [INFO] Progress: 1500/58653 (1.3 files/sec, ETA: 0.7h)
2025-11-14 16:56:20,751 [INFO] Progress: 1600/58653 (1.3 files/sec, ETA: 0.7h)
2025-11-14 16:57:52,446 [INFO] Progress: 1700/58653 (1.3 files/sec, ETA: 0.7h)
2025-11-14 16:59:04,809 [INFO] Progress: 1800/58653 (1.3 files/sec, ETA: 0.7h)
