2025-11-13 23:17:07,834 [INFO] ================================================================================
2025-11-13 23:17:07,835 [INFO] OVERNIGHT STEP RENDERING
2025-11-13 23:17:07,835 [INFO] ================================================================================
2025-11-13 23:17:07,835 [INFO] Started: 2025-11-13 23:17:07
2025-11-13 23:17:07,835 [INFO] Log file: logs\render_20251113_231707.log
2025-11-13 23:17:07,835 [INFO] ================================================================================
2025-11-13 23:17:07,835 [INFO] Source: data\Omni-CAD-subset\step
2025-11-13 23:17:07,835 [INFO] Output: data\Omni-CAD-subset\img
2025-11-13 23:17:07,835 [INFO] Views per model: 8
2025-11-13 23:17:07,836 [INFO] 
Scanning for STEP files...
2025-11-13 23:17:08,068 [INFO] Found 58,653 STEP files
2025-11-13 23:17:08,069 [INFO] Processing 2 files (from index 0)
2025-11-13 23:17:08,069 [INFO] 
Initializing renderer...
2025-11-13 23:17:08,493 [INFO] 
================================================================================
2025-11-13 23:17:08,494 [INFO] Starting rendering...
2025-11-13 23:17:08,494 [INFO] ================================================================================

2025-11-13 23:17:08,940 [INFO] 
================================================================================
2025-11-13 23:17:08,940 [INFO] RENDERING COMPLETE!
2025-11-13 23:17:08,940 [INFO] ================================================================================
2025-11-13 23:17:08,941 [INFO] Total time: 0h 0m
2025-11-13 23:17:08,941 [INFO] Files processed: 2
2025-11-13 23:17:08,941 [INFO] Successfully rendered: 2
2025-11-13 23:17:08,941 [INFO] Skipped (existing): 0
2025-11-13 23:17:08,941 [INFO] Errors: 0
2025-11-13 23:17:08,941 [INFO] Success rate: 100.0%
2025-11-13 23:17:08,941 [INFO] Images created: ~16
2025-11-13 23:17:08,941 [INFO] ================================================================================
2025-11-13 23:17:08,941 [INFO] 
Log saved to: logs\render_20251113_231707.log
2025-11-13 23:17:08,941 [INFO] ================================================================================
