2025-11-13 23:09:16,854 [INFO] ================================================================================
2025-11-13 23:09:16,854 [INFO] OVERNIGHT STEP RENDERING
2025-11-13 23:09:16,855 [INFO] ================================================================================
2025-11-13 23:09:16,855 [INFO] Started: 2025-11-13 23:09:16
2025-11-13 23:09:16,855 [INFO] Log file: logs\render_20251113_230916.log
2025-11-13 23:09:16,855 [INFO] ================================================================================
2025-11-13 23:09:16,855 [INFO] Source: data\Omni-CAD-subset\step
2025-11-13 23:09:16,855 [INFO] Output: data\Omni-CAD-subset\img
2025-11-13 23:09:16,855 [INFO] Views per model: 8
2025-11-13 23:09:16,856 [INFO] 
Scanning for STEP files...
2025-11-13 23:09:17,057 [INFO] Found 58,653 STEP files
2025-11-13 23:09:17,058 [INFO] Processing 3 files (from index 0)
2025-11-13 23:09:17,058 [INFO] 
Initializing renderer...
2025-11-13 23:09:17,428 [INFO] 
================================================================================
2025-11-13 23:09:17,428 [INFO] Starting rendering...
2025-11-13 23:09:17,428 [INFO] ================================================================================

2025-11-13 23:09:17,452 [INFO] 
================================================================================
2025-11-13 23:09:17,453 [INFO] RENDERING COMPLETE!
2025-11-13 23:09:17,453 [INFO] ================================================================================
2025-11-13 23:09:17,453 [INFO] Total time: 0h 0m
2025-11-13 23:09:17,453 [INFO] Files processed: 3
2025-11-13 23:09:17,453 [INFO] Successfully rendered: 0
2025-11-13 23:09:17,453 [INFO] Skipped (existing): 3
2025-11-13 23:09:17,453 [INFO] Errors: 0
