2025-11-14 11:41:31,328 [INFO] ================================================================================
2025-11-14 11:41:31,328 [INFO] OVERNIGHT STEP RENDERING
2025-11-14 11:41:31,330 [INFO] ================================================================================
2025-11-14 11:41:31,330 [INFO] Started: 2025-11-14 11:41:31
2025-11-14 11:41:31,330 [INFO] Log file: logs\render_20251114_114131.log
2025-11-14 11:41:31,330 [INFO] ================================================================================
2025-11-14 11:41:31,330 [INFO] Source: data\Omni-CAD-subset\step
2025-11-14 11:41:31,330 [INFO] Output: data\Omni-CAD-subset\img
2025-11-14 11:41:31,330 [INFO] Views per model: 8
2025-11-14 11:41:31,331 [INFO] 
Scanning for STEP files...
2025-11-14 11:41:31,536 [INFO] Found 58,653 STEP files
2025-11-14 11:41:31,536 [INFO] 
Initializing renderer...
2025-11-14 11:41:31,935 [INFO] 
================================================================================
2025-11-14 11:41:31,936 [INFO] Starting rendering...
2025-11-14 11:41:31,936 [INFO] ================================================================================

2025-11-14 11:42:55,360 [INFO] Progress: 100/58653 (1.2 files/sec, ETA: 1.7h)
2025-11-14 11:43:59,858 [INFO] Progress: 200/58653 (1.4 files/sec, ETA: 1.5h)
2025-11-14 11:45:05,022 [INFO] Progress: 300/58653 (1.4 files/sec, ETA: 1.4h)
2025-11-14 11:46:11,513 [INFO] Progress: 400/58653 (1.4 files/sec, ETA: 1.4h)
2025-11-14 11:47:17,857 [INFO] Progress: 500/58653 (1.4 files/sec, ETA: 1.3h)
2025-11-14 11:48:23,094 [INFO] Progress: 600/58653 (1.5 files/sec, ETA: 1.3h)
2025-11-14 11:49:28,464 [INFO] Progress: 700/58653 (1.5 files/sec, ETA: 1.3h)
2025-11-14 11:50:37,270 [INFO] Progress: 800/58653 (1.5 files/sec, ETA: 1.3h)
2025-11-14 11:51:45,727 [INFO] Progress: 900/58653 (1.5 files/sec, ETA: 1.2h)
2025-11-14 11:52:52,432 [INFO] Progress: 1000/58653 (1.5 files/sec, ETA: 1.2h)
2025-11-14 11:54:00,985 [INFO] Progress: 1100/58653 (1.5 files/sec, ETA: 1.2h)
2025-11-14 11:55:13,262 [INFO] Progress: 1200/58653 (1.5 files/sec, ETA: 1.2h)
2025-11-14 11:56:25,708 [INFO] Progress: 1300/58653 (1.5 files/sec, ETA: 1.2h)
2025-11-14 11:57:39,194 [INFO] Progress: 1400/58653 (1.4 files/sec, ETA: 1.2h)
2025-11-14 11:58:51,880 [INFO] Progress: 1500/58653 (1.4 files/sec, ETA: 1.1h)
2025-11-14 12:00:04,691 [INFO] Progress: 1600/58653 (1.4 files/sec, ETA: 1.1h)
2025-11-14 12:01:17,354 [INFO] Progress: 1700/58653 (1.4 files/sec, ETA: 1.1h)
2025-11-14 12:02:32,550 [INFO] Progress: 1800/58653 (1.4 files/sec, ETA: 1.1h)
2025-11-14 12:03:45,628 [INFO] Progress: 1900/58653 (1.4 files/sec, ETA: 1.1h)
2025-11-14 12:04:58,594 [INFO] Progress: 2000/58653 (1.4 files/sec, ETA: 1.1h)
2025-11-14 12:06:11,420 [INFO] Progress: 2100/58653 (1.4 files/sec, ETA: 1.0h)
2025-11-14 12:07:24,570 [INFO] Progress: 2200/58653 (1.4 files/sec, ETA: 1.0h)
2025-11-14 12:08:38,161 [INFO] Progress: 2300/58653 (1.4 files/sec, ETA: 1.0h)
2025-11-14 12:09:50,641 [INFO] Progress: 2400/58653 (1.4 files/sec, ETA: 1.0h)
