2025-11-11 21:39:08,715 [INFO] 
================================================================================
2025-11-11 21:39:08,715 [INFO] OMNI-CAD STEP EXPORT (Point Clouds Skipped)
2025-11-11 21:39:08,715 [INFO] ================================================================================
2025-11-11 21:39:08,717 [INFO] Started: 2025-11-11 21:39:08
2025-11-11 21:39:08,717 [INFO] Log file: logs\step_only_20251111_213908.log
2025-11-11 21:39:08,717 [INFO] ================================================================================

2025-11-11 21:39:08,717 [INFO] Project root: W:\CMU_Academics\2025 Fall\Learning for 3D Vision\CMU16825_Final_project
2025-11-11 21:39:08,717 [INFO] Data root: W:\CMU_Academics\2025 Fall\Learning for 3D Vision\CMU16825_Final_project\data\Omni-CAD

2025-11-11 21:39:08,719 [INFO] ================================================================================
2025-11-11 21:39:08,719 [INFO] Exporting JSON to STEP format
2025-11-11 21:39:08,720 [INFO] ================================================================================
2025-11-11 21:39:08,720 [INFO] Estimated time: 4-6 hours
2025-11-11 21:39:08,720 [INFO] Storage needed: ~29 GB

2025-11-11 21:39:08,720 [INFO] Command: python W:\CMU_Academics\2025 Fall\Learning for 3D Vision\CMU16825_Final_project\3rd_party\DeepCAD\utils\export2step_progress.py --src W:\CMU_Academics\2025 Fall\Learning for 3D Vision\CMU16825_Final_project\data\Omni-CAD\json --form json --num -1

2025-11-11 21:39:12,629 [INFO] Source directory: W:\CMU_Academics\2025 Fall\Learning for 3D Vision\CMU16825_Final_project\data\Omni-CAD\json
2025-11-11 21:39:12,629 [INFO] Found 605330 files
2025-11-11 21:39:12,629 [INFO] Output directory: W:\CMU_Academics\2025 Fall\Learning for 3D Vision\CMU16825_Final_project\data\Omni-CAD\json_step
2025-11-11 21:39:13,251 [INFO] [ERROR] Failed to process 00000346_00001.json: list index out of range
2025-11-11 21:39:13,251 [INFO] [ERROR] Failed to process 00000392_00000.json: list index out of range
2025-11-11 21:39:13,251 [INFO] [ERROR] Failed to process 00000392_00001.json: list index out of range
2025-11-11 21:39:13,251 [INFO] [ERROR] Failed to process 00000635_00001.json: list index out of range
2025-11-11 21:39:13,251 [INFO] [ERROR] Failed to process 00000638_00001.json: list index out of range
2025-11-11 21:39:13,251 [INFO] [ERROR] Failed to process 00000834_00001.json: list index out of range
2025-11-11 21:39:13,252 [INFO] [ERROR] Failed to process 00000849_00001.json: list index out of range
2025-11-11 21:39:13,252 [INFO] [ERROR] Failed to process 00000909_00001.json: list index out of range
2025-11-11 21:39:13,252 [INFO] [ERROR] Failed to process 00000949_00001.json: list index out of range
2025-11-11 21:39:13,252 [INFO] [ERROR] Failed to process 00000954_00001.json: list index out of range
2025-11-11 21:39:13,252 [INFO] [ERROR] Failed to process 00001001_00001.json: list index out of range
2025-11-11 21:39:13,253 [INFO] [ERROR] Failed to process 00001006_00001.json: list index out of range
2025-11-11 21:39:13,253 [INFO] [ERROR] Failed to process 00001012_00001.json: list index out of range
2025-11-11 21:39:13,253 [INFO] [ERROR] Failed to process 00001046_00002.json: list index out of range
2025-11-11 21:39:13,253 [INFO] [ERROR] Failed to process 00001130_00001.json: list index out of range
2025-11-11 21:39:13,253 [INFO] [ERROR] Failed to process 00001170_00001.json: list index out of range
2025-11-11 21:39:13,253 [INFO] [ERROR] Failed to process 00001172_00001.json: list index out of range
2025-11-11 21:39:13,253 [INFO] [ERROR] Failed to process 00001382_00001.json: list index out of range
2025-11-11 21:39:13,254 [INFO] [ERROR] Failed to process 00001382_00003.json: list index out of range
2025-11-11 21:39:13,254 [INFO] [ERROR] Failed to process 00001402_00001.json: list index out of range
2025-11-11 21:39:13,254 [INFO] [ERROR] Failed to process 00001490_00001.json: list index out of range
2025-11-11 21:39:13,254 [INFO] [ERROR] Failed to process 00001494_00001.json: list index out of range
2025-11-11 21:39:13,254 [INFO] [ERROR] Failed to process 00001495_00001.json: list index out of range
2025-11-11 21:39:13,255 [INFO] [ERROR] Failed to process 00001529_00001.json: list index out of range
2025-11-11 21:39:13,255 [INFO] [ERROR] Failed to process 00001590_00001.json: list index out of range
2025-11-11 21:39:13,255 [INFO] [ERROR] Failed to process 00001632_00001.json: list index out of range
2025-11-11 21:39:13,255 [INFO] [ERROR] Failed to process 00001633_00001.json: list index out of range
2025-11-11 21:39:13,255 [INFO] [ERROR] Failed to process 00001633_00002.json: list index out of range
2025-11-11 21:39:13,255 [INFO] [ERROR] Failed to process 00001634_00001.json: list index out of range
2025-11-11 21:39:13,255 [INFO] [ERROR] Failed to process 00001636_00001.json: list index out of range
2025-11-11 21:39:13,256 [INFO] [ERROR] Failed to process 00001638_00001.json: list index out of range
2025-11-11 21:39:13,256 [INFO] [ERROR] Failed to process 00001692_00001.json: list index out of range
2025-11-11 21:39:13,256 [INFO] [ERROR] Failed to process 00001708_00001.json: list index out of range
2025-11-11 21:39:13,256 [INFO] [ERROR] Failed to process 00001819_00001.json: list index out of range
2025-11-11 21:39:13,256 [INFO] [ERROR] Failed to process 00001863_00001.json: list index out of range
2025-11-11 21:39:13,256 [INFO] [ERROR] Failed to process 00001871_00001.json: list index out of range
2025-11-11 21:39:13,257 [INFO] [ERROR] Failed to process 00001970_00001.json: list index out of range
2025-11-11 21:39:13,257 [INFO] [ERROR] Failed to process 00001971_00001.json: list index out of range
2025-11-11 21:39:13,257 [INFO] [ERROR] Failed to process 00001972_00001.json: list index out of range
2025-11-11 21:39:13,257 [INFO] [ERROR] Failed to process 00001974_00001.json: list index out of range
2025-11-11 21:39:13,257 [INFO] [ERROR] Failed to process 00001974_00002.json: list index out of range
2025-11-11 21:39:13,258 [INFO] [ERROR] Failed to process 00001982_00001.json: list index out of range
2025-11-11 21:39:13,258 [INFO] [ERROR] Failed to process 00001982_00002.json: list index out of range
2025-11-11 21:39:13,258 [INFO] [ERROR] Failed to process 00001985_00001.json: list index out of range
2025-11-11 21:39:13,258 [INFO] [ERROR] Failed to process 00001988_00001.json: list index out of range
2025-11-11 21:39:13,258 [INFO] [ERROR] Failed to process 00001989_00001.json: list index out of range
2025-11-11 21:39:13,259 [INFO] [ERROR] Failed to process 00002083_00001.json: list index out of range
2025-11-11 21:39:13,259 [INFO] [ERROR] Failed to process 00002193_00001.json: list index out of range
2025-11-11 21:39:13,259 [INFO] [ERROR] Failed to process 00002201_00001.json: list index out of range
2025-11-11 21:39:13,259 [INFO] [ERROR] Failed to process 00002203_00001.json: list index out of range
2025-11-11 21:39:13,259 [INFO] [ERROR] Failed to process 00002224_00001.json: list index out of range
2025-11-11 21:39:13,261 [INFO] [ERROR] Failed to process 00002224_00003.json: list index out of range
2025-11-11 21:39:13,261 [INFO] [ERROR] Failed to process 00002271_00001.json: list index out of range
2025-11-11 21:39:13,261 [INFO] [ERROR] Failed to process 00002278_00001.json: list index out of range
2025-11-11 21:39:13,261 [INFO] [ERROR] Failed to process 00002278_00002.json: list index out of range
2025-11-11 21:39:13,261 [INFO] [ERROR] Failed to process 00002547_00001.json: list index out of range
2025-11-11 21:39:13,261 [INFO] [ERROR] Failed to process 00002600_00001.json: list index out of range
2025-11-11 21:39:13,262 [INFO] [ERROR] Failed to process 00002603_00001.json: list index out of range
2025-11-11 21:39:13,262 [INFO] [ERROR] Failed to process 00002603_00003.json: list index out of range
2025-11-11 21:39:13,262 [INFO] [ERROR] Failed to process 00002603_00005.json: list index out of range
2025-11-11 21:39:13,262 [INFO] [ERROR] Failed to process 00002603_00007.json: list index out of range
2025-11-11 21:39:13,262 [INFO] [ERROR] Failed to process 00002694_00001.json: list index out of range
2025-11-11 21:39:13,262 [INFO] [ERROR] Failed to process 00002694_00003.json: list index out of range
2025-11-11 21:39:13,263 [INFO] [ERROR] Failed to process 00002694_00005.json: list index out of range
2025-11-11 21:39:13,263 [INFO] [ERROR] Failed to process 00002695_00001.json: list index out of range
2025-11-11 21:39:13,263 [INFO] [ERROR] Failed to process 00002702_00001.json: list index out of range
2025-11-11 21:39:13,263 [INFO] [ERROR] Failed to process 00002703_00001.json: list index out of range
2025-11-11 21:39:13,264 [INFO] [ERROR] Failed to process 00002703_00003.json: list index out of range
2025-11-11 21:39:13,264 [INFO] [ERROR] Failed to process 00002703_00005.json: list index out of range
2025-11-11 21:39:13,264 [INFO] [ERROR] Failed to process 00002886_00001.json: list index out of range
2025-11-11 21:39:13,264 [INFO] [ERROR] Failed to process 00002900_00001.json: list index out of range
2025-11-11 21:39:13,264 [INFO] [ERROR] Failed to process 00002964_00001.json: list index out of range
2025-11-11 21:39:13,265 [INFO] [ERROR] Failed to process 00002972_00001.json: list index out of range
2025-11-11 21:39:13,265 [INFO] [ERROR] Failed to process 00003016_00001.json: list index out of range
2025-11-11 21:39:13,265 [INFO] [ERROR] Failed to process 00003035_00001.json: list index out of range
2025-11-11 21:39:13,265 [INFO] [ERROR] Failed to process 00003128_00001.json: list index out of range
2025-11-11 21:39:13,265 [INFO] [ERROR] Failed to process 00003132_00001.json: list index out of range
2025-11-11 21:39:13,265 [INFO] [ERROR] Failed to process 00003135_00001.json: list index out of range
2025-11-11 21:39:13,265 [INFO] [ERROR] Failed to process 00003166_00001.json: list index out of range
2025-11-11 21:39:13,266 [INFO] [ERROR] Failed to process 00003173_00001.json: list index out of range
2025-11-11 21:39:13,266 [INFO] [ERROR] Failed to process 00003337_00000.json: list index out of range
2025-11-11 21:39:13,266 [INFO] [ERROR] Failed to process 00003399_00001.json: list index out of range
2025-11-11 21:39:13,266 [INFO] [ERROR] Failed to process 00003406_00001.json: list index out of range
2025-11-11 21:39:13,266 [INFO] [ERROR] Failed to process 00003516_00001.json: list index out of range
2025-11-11 21:39:13,266 [INFO] [ERROR] Failed to process 00003516_00003.json: list index out of range
2025-11-11 21:39:13,266 [INFO] [ERROR] Failed to process 00003517_00001.json: list index out of range
2025-11-11 21:39:13,267 [INFO] [ERROR] Failed to process 00003732_00001.json: list index out of range
2025-11-11 21:39:13,267 [INFO] [ERROR] Failed to process 00003866_00001.json: list index out of range
2025-11-11 21:39:13,267 [INFO] [ERROR] Failed to process 00003867_00001.json: list index out of range
2025-11-11 21:39:13,267 [INFO] [ERROR] Failed to process 00003877_00001.json: list index out of range
2025-11-11 21:39:13,267 [INFO] [ERROR] Failed to process 00003877_00003.json: list index out of range
2025-11-11 21:39:13,267 [INFO] [ERROR] Failed to process 00003901_00000.json: list index out of range
2025-11-11 21:39:13,268 [INFO] [ERROR] Failed to process 00003954_00001.json: list index out of range
2025-11-11 21:39:13,268 [INFO] [ERROR] Failed to process 00004088_00001.json: list index out of range
2025-11-11 21:39:13,268 [INFO] [ERROR] Failed to process 00004088_00003.json: list index out of range
2025-11-11 21:39:13,268 [INFO] [ERROR] Failed to process 00004088_00005.json: list index out of range
2025-11-11 21:39:13,268 [INFO] [ERROR] Failed to process 00004108_00001.json: list index out of range
2025-11-11 21:39:13,268 [INFO] [ERROR] Failed to process 00004132_00001.json: list index out of range
2025-11-11 21:39:13,269 [INFO] [ERROR] Failed to process 00004137_00003.json: list index out of range
2025-11-11 21:39:13,269 [INFO] [ERROR] Failed to process 00004137_00004.json: list index out of range
2025-11-11 21:39:13,269 [INFO] [ERROR] Failed to process 00004137_00005.json: list index out of range
2025-11-11 21:39:13,269 [INFO] [ERROR] Failed to process 00004137_00006.json: list index out of range
2025-11-11 21:39:13,269 [INFO] [ERROR] Failed to process 00004137_00008.json: list index out of range
2025-11-11 21:39:13,269 [INFO] [ERROR] Failed to process 00004138_00001.json: list index out of range
2025-11-11 21:39:13,270 [INFO] [ERROR] Failed to process 00004138_00002.json: list index out of range
2025-11-11 21:39:13,270 [INFO] [ERROR] Failed to process 00004141_00001.json: list index out of range
2025-11-11 21:39:13,270 [INFO] [ERROR] Failed to process 00004141_00002.json: list index out of range
2025-11-11 21:39:13,270 [INFO] [ERROR] Failed to process 00004299_00001.json: list index out of range
2025-11-11 21:39:13,270 [INFO] [ERROR] Failed to process 00004303_00001.json: list index out of range
2025-11-11 21:39:13,271 [INFO] [ERROR] Failed to process 00004333_00001.json: list index out of range
2025-11-11 21:39:13,271 [INFO] [ERROR] Failed to process 00004449_00001.json: list index out of range
2025-11-11 21:39:13,271 [INFO] [ERROR] Failed to process 00004635_00001.json: list index out of range
2025-11-11 21:39:13,271 [INFO] [ERROR] Failed to process 00004692_00001.json: list index out of range
2025-11-11 21:39:14,775 [INFO] [ERROR] Failed to process 00004692_00003.json: list index out of range
2025-11-11 21:39:14,775 [INFO] [ERROR] Failed to process 00004695_00001.json: list index out of range
2025-11-11 21:39:14,775 [INFO] [ERROR] Failed to process 00004695_00003.json: list index out of range
2025-11-11 21:39:14,775 [INFO] [ERROR] Failed to process 00005037_00001.json: list index out of range
2025-11-11 21:39:14,775 [INFO] [ERROR] Failed to process 00005065_00001.json: list index out of range
2025-11-11 21:39:14,775 [INFO] [ERROR] Failed to process 00005101_00001.json: list index out of range
2025-11-11 21:39:14,775 [INFO] [ERROR] Failed to process 00005107_00001.json: list index out of range
2025-11-11 21:39:14,775 [INFO] [ERROR] Failed to process 00005108_00001.json: list index out of range
2025-11-11 21:39:14,777 [INFO] [ERROR] Failed to process 00005113_00001.json: list index out of range
2025-11-11 21:39:14,777 [INFO] [ERROR] Failed to process 00005140_00001.json: list index out of range
2025-11-11 21:39:14,777 [INFO] [ERROR] Failed to process 00005180_00001.json: list index out of range
2025-11-11 21:39:14,777 [INFO] [ERROR] Failed to process 00005268_00001.json: list index out of range
2025-11-11 21:39:14,777 [INFO] [ERROR] Failed to process 00005270_00001.json: list index out of range
2025-11-11 21:39:14,778 [INFO] [ERROR] Failed to process 00005310_00001.json: list index out of range
2025-11-11 21:39:14,778 [INFO] [ERROR] Failed to process 00005310_00002.json: list index out of range
2025-11-11 21:39:14,778 [INFO] [ERROR] Failed to process 00005310_00004.json: list index out of range
2025-11-11 21:39:14,778 [INFO] [ERROR] Failed to process 00005311_00001.json: list index out of range
2025-11-11 21:39:14,778 [INFO] [ERROR] Failed to process 00005312_00001.json: list index out of range
2025-11-11 21:39:14,778 [INFO] [ERROR] Failed to process 00005312_00002.json: list index out of range
2025-11-11 21:39:14,779 [INFO] [ERROR] Failed to process 00005312_00003.json: list index out of range
2025-11-11 21:39:14,779 [INFO] [ERROR] Failed to process 00005313_00001.json: list index out of range
2025-11-11 21:39:14,779 [INFO] [ERROR] Failed to process 00005313_00002.json: list index out of range
2025-11-11 21:39:14,779 [INFO] [ERROR] Failed to process 00005313_00004.json: list index out of range
2025-11-11 21:39:14,779 [INFO] [ERROR] Failed to process 00005314_00001.json: list index out of range
2025-11-11 21:39:14,779 [INFO] [ERROR] Failed to process 00005315_00001.json: list index out of range
2025-11-11 21:39:14,779 [INFO] [ERROR] Failed to process 00005315_00002.json: list index out of range
2025-11-11 21:39:14,780 [INFO] [ERROR] Failed to process 00005316_00001.json: list index out of range
2025-11-11 21:39:14,780 [INFO] [ERROR] Failed to process 00005316_00002.json: list index out of range
2025-11-11 21:39:14,780 [INFO] [ERROR] Failed to process 00005317_00001.json: list index out of range
2025-11-11 21:39:14,780 [INFO] [ERROR] Failed to process 00005319_00001.json: list index out of range
2025-11-11 21:39:14,781 [INFO] [ERROR] Failed to process 00005321_00001.json: list index out of range
2025-11-11 21:39:14,781 [INFO] [ERROR] Failed to process 00005321_00002.json: list index out of range
2025-11-11 21:39:14,781 [INFO] [ERROR] Failed to process 00005322_00001.json: list index out of range
2025-11-11 21:39:14,781 [INFO] [ERROR] Failed to process 00005323_00001.json: list index out of range
2025-11-11 21:39:14,781 [INFO] [ERROR] Failed to process 00005323_00002.json: list index out of range
2025-11-11 21:39:14,781 [INFO] [ERROR] Failed to process 00005323_00005.json: list index out of range
2025-11-11 21:39:14,782 [INFO] [ERROR] Failed to process 00005334_00001.json: list index out of range
2025-11-11 21:39:14,782 [INFO] [ERROR] Failed to process 00005399_00001.json: list index out of range
2025-11-11 21:39:14,782 [INFO] [ERROR] Failed to process 00005609_00001.json: list index out of range
2025-11-11 21:39:14,782 [INFO] [ERROR] Failed to process 00005609_00002.json: list index out of range
2025-11-11 21:39:14,782 [INFO] [ERROR] Failed to process 00005609_00003.json: list index out of range
2025-11-11 21:39:14,783 [INFO] [ERROR] Failed to process 00005609_00004.json: list index out of range
2025-11-11 21:39:14,783 [INFO] [ERROR] Failed to process 00005659_00001.json: list index out of range
2025-11-11 21:39:14,783 [INFO] [ERROR] Failed to process 00005916_00001.json: list index out of range
2025-11-11 21:39:14,783 [INFO] [ERROR] Failed to process 00005916_00004.json: list index out of range
2025-11-11 21:39:14,783 [INFO] [ERROR] Failed to process 00005916_00005.json: list index out of range
2025-11-11 21:39:14,783 [INFO] [ERROR] Failed to process 00005918_00001.json: list index out of range
2025-11-11 21:39:14,784 [INFO] [ERROR] Failed to process 00006004_00001.json: list index out of range
2025-11-11 21:39:14,784 [INFO] [ERROR] Failed to process 00006004_00003.json: list index out of range
2025-11-11 21:39:14,784 [INFO] [ERROR] Failed to process 00006007_00001.json: list index out of range
2025-11-11 21:39:14,784 [INFO] [ERROR] Failed to process 00006117_00001.json: list index out of range
2025-11-11 21:39:14,784 [INFO] [ERROR] Failed to process 00006117_00003.json: list index out of range
2025-11-11 21:39:14,785 [INFO] [ERROR] Failed to process 00006118_00001.json: list index out of range
2025-11-11 21:39:14,785 [INFO] [ERROR] Failed to process 00006118_00003.json: list index out of range
2025-11-11 21:39:14,785 [INFO] [ERROR] Failed to process 00006119_00001.json: list index out of range
2025-11-11 21:39:14,785 [INFO] [ERROR] Failed to process 00006119_00003.json: list index out of range
2025-11-11 21:39:14,785 [INFO] [ERROR] Failed to process 00006119_00005.json: list index out of range
2025-11-11 21:39:14,786 [INFO] [ERROR] Failed to process 00006130_00001.json: list index out of range
2025-11-11 21:39:14,786 [INFO] [ERROR] Failed to process 00006192_00001.json: list index out of range
2025-11-11 21:39:14,786 [INFO] [ERROR] Failed to process 00006207_00001.json: list index out of range
2025-11-11 21:39:14,786 [INFO] [ERROR] Failed to process 00006213_00001.json: list index out of range
2025-11-11 21:39:14,787 [INFO] [ERROR] Failed to process 00006219_00001.json: list index out of range
2025-11-11 21:39:14,787 [INFO] [ERROR] Failed to process 00006224_00001.json: list index out of range
2025-11-11 21:39:14,787 [INFO] [ERROR] Failed to process 00006425_00001.json: list index out of range
2025-11-11 21:39:14,787 [INFO] [ERROR] Failed to process 00006433_00001.json: list index out of range
2025-11-11 21:39:14,787 [INFO] [ERROR] Failed to process 00006433_00003.json: list index out of range
2025-11-11 21:39:14,787 [INFO] [ERROR] Failed to process 00006436_00001.json: list index out of range
2025-11-11 21:39:14,787 [INFO] [ERROR] Failed to process 00006444_00001.json: list index out of range
2025-11-11 21:39:14,788 [INFO] [ERROR] Failed to process 00006444_00002.json: list index out of range
2025-11-11 21:39:14,788 [INFO] [ERROR] Failed to process 00006467_00001.json: list index out of range
2025-11-11 21:39:14,788 [INFO] [ERROR] Failed to process 00006467_00004.json: list index out of range
2025-11-11 21:39:14,788 [INFO] [ERROR] Failed to process 00006467_00006.json: list index out of range
2025-11-11 21:39:14,788 [INFO] [ERROR] Failed to process 00006584_00001.json: list index out of range
2025-11-11 21:39:14,788 [INFO] [ERROR] Failed to process 00006584_00003.json: list index out of range
2025-11-11 21:39:14,789 [INFO] [ERROR] Failed to process 00006584_00005.json: list index out of range
2025-11-11 21:39:14,789 [INFO] [ERROR] Failed to process 00006584_00006.json: list index out of range
2025-11-11 21:39:14,789 [INFO] [ERROR] Failed to process 00006584_00008.json: list index out of range
2025-11-11 21:39:14,789 [INFO] [ERROR] Failed to process 00006608_00001.json: list index out of range
2025-11-11 21:39:14,789 [INFO] [ERROR] Failed to process 00006625_00001.json: list index out of range
2025-11-11 21:39:14,790 [INFO] [ERROR] Failed to process 00006642_00001.json: list index out of range
2025-11-11 21:39:14,790 [INFO] [ERROR] Failed to process 00006642_00003.json: list index out of range
2025-11-11 21:39:14,790 [INFO] [ERROR] Failed to process 00006642_00005.json: list index out of range
2025-11-11 21:39:14,790 [INFO] [ERROR] Failed to process 00006645_00001.json: list index out of range
2025-11-11 21:39:14,790 [INFO] [ERROR] Failed to process 00006646_00001.json: list index out of range
2025-11-11 21:39:14,791 [INFO] [ERROR] Failed to process 00006646_00003.json: list index out of range
2025-11-11 21:39:14,791 [INFO] [ERROR] Failed to process 00006664_00001.json: list index out of range
2025-11-11 21:39:14,791 [INFO] [ERROR] Failed to process 00006669_00001.json: list index out of range
2025-11-11 21:39:14,791 [INFO] [ERROR] Failed to process 00006669_00003.json: list index out of range
2025-11-11 21:39:14,791 [INFO] [ERROR] Failed to process 00006670_00001.json: list index out of range
2025-11-11 21:39:14,791 [INFO] [ERROR] Failed to process 00006670_00003.json: list index out of range
2025-11-11 21:39:14,792 [INFO] [ERROR] Failed to process 00006670_00006.json: list index out of range
2025-11-11 21:39:14,792 [INFO] [ERROR] Failed to process 00006671_00001.json: list index out of range
2025-11-11 21:39:14,792 [INFO] [ERROR] Failed to process 00006674_00001.json: list index out of range
2025-11-11 21:39:14,792 [INFO] [ERROR] Failed to process 00006678_00001.json: list index out of range
2025-11-11 21:39:14,792 [INFO] [ERROR] Failed to process 00006680_00001.json: list index out of range
2025-11-11 21:39:14,792 [INFO] [ERROR] Failed to process 00006843_00001.json: list index out of range
2025-11-11 21:39:14,793 [INFO] [ERROR] Failed to process 00006843_00003.json: list index out of range
2025-11-11 21:39:14,793 [INFO] [ERROR] Failed to process 00006843_00005.json: list index out of range
2025-11-11 21:39:14,793 [INFO] [ERROR] Failed to process 00006856_00001.json: list index out of range
2025-11-11 21:39:14,793 [INFO] [ERROR] Failed to process 00006859_00001.json: list index out of range
2025-11-11 21:39:14,793 [INFO] [ERROR] Failed to process 00006862_00001.json: list index out of range
2025-11-11 21:39:14,793 [INFO] [ERROR] Failed to process 00006864_00001.json: list index out of range
2025-11-11 21:39:14,793 [INFO] [ERROR] Failed to process 00006866_00001.json: list index out of range
2025-11-11 21:39:14,793 [INFO] [ERROR] Failed to process 00006923_00001.json: list index out of range
2025-11-11 21:39:14,795 [INFO] [ERROR] Failed to process 00007024_00001.json: list index out of range
2025-11-11 21:39:14,795 [INFO] [ERROR] Failed to process 00007039_00001.json: list index out of range
2025-11-11 21:39:14,795 [INFO] [ERROR] Failed to process 00007039_00004.json: list index out of range
2025-11-11 21:39:14,795 [INFO] [ERROR] Failed to process 00007080_00001.json: list index out of range
2025-11-11 21:39:14,795 [INFO] [ERROR] Failed to process 00007454_00001.json: list index out of range
2025-11-11 21:39:14,796 [INFO] [ERROR] Failed to process 00007465_00001.json: list index out of range
2025-11-11 21:39:14,796 [INFO] [ERROR] Failed to process 00007465_00003.json: list index out of range
2025-11-11 21:39:14,797 [INFO] [ERROR] Failed to process 00007498_00001.json: list index out of range
2025-11-11 21:39:14,797 [INFO] [ERROR] Failed to process 00007498_00003.json: list index out of range
2025-11-11 21:39:17,166 [INFO] [ERROR] Failed to process 00007612_00001.json: list index out of range
2025-11-11 21:39:17,166 [INFO] [ERROR] Failed to process 00007614_00001.json: list index out of range
2025-11-11 21:39:17,166 [INFO] [ERROR] Failed to process 00007810_00001.json: list index out of range
2025-11-11 21:39:17,166 [INFO] [ERROR] Failed to process 00007811_00001.json: list index out of range
2025-11-11 21:39:17,167 [INFO] [ERROR] Failed to process 00007815_00001.json: list index out of range
2025-11-11 21:39:17,167 [INFO] [ERROR] Failed to process 00007980_00001.json: list index out of range
2025-11-11 21:39:17,167 [INFO] [ERROR] Failed to process 00008163_00001.json: list index out of range
2025-11-11 21:39:17,167 [INFO] [ERROR] Failed to process 00008163_00003.json: list index out of range
2025-11-11 21:39:17,167 [INFO] [ERROR] Failed to process 00008165_00001.json: list index out of range
2025-11-11 21:39:17,167 [INFO] [ERROR] Failed to process 00008278_00001.json: list index out of range
2025-11-11 21:39:17,169 [INFO] [ERROR] Failed to process 00008285_00001.json: list index out of range
2025-11-11 21:39:17,169 [INFO] [ERROR] Failed to process 00008285_00003.json: list index out of range
2025-11-11 21:39:17,169 [INFO] [ERROR] Failed to process 00008333_00001.json: list index out of range
2025-11-11 21:39:17,169 [INFO] [ERROR] Failed to process 00008333_00005.json: list index out of range
2025-11-11 21:39:17,169 [INFO] [ERROR] Failed to process 00008335_00001.json: list index out of range
2025-11-11 21:39:17,169 [INFO] [ERROR] Failed to process 00008336_00001.json: list index out of range
2025-11-11 21:39:17,169 [INFO] [ERROR] Failed to process 00008338_00001.json: list index out of range
2025-11-11 21:39:17,170 [INFO] [ERROR] Failed to process 00008339_00001.json: list index out of range
2025-11-11 21:39:17,170 [INFO] [ERROR] Failed to process 00008356_00001.json: list index out of range
2025-11-11 21:39:17,170 [INFO] [ERROR] Failed to process 00008381_00001.json: list index out of range
2025-11-11 21:39:17,170 [INFO] [ERROR] Failed to process 00008418_00001.json: list index out of range
2025-11-11 21:39:17,170 [INFO] [ERROR] Failed to process 00008423_00001.json: list index out of range
2025-11-11 21:39:17,170 [INFO] [ERROR] Failed to process 00008425_00001.json: list index out of range
2025-11-11 21:39:17,171 [INFO] [ERROR] Failed to process 00008425_00003.json: list index out of range
2025-11-11 21:39:17,171 [INFO] [ERROR] Failed to process 00008425_00005.json: list index out of range
2025-11-11 21:39:17,171 [INFO] [ERROR] Failed to process 00008425_00008.json: list index out of range
2025-11-11 21:39:17,171 [INFO] [ERROR] Failed to process 00008427_00001.json: list index out of range
2025-11-11 21:39:17,171 [INFO] [ERROR] Failed to process 00008427_00003.json: list index out of range
2025-11-11 21:39:17,171 [INFO] [ERROR] Failed to process 00008428_00001.json: list index out of range
2025-11-11 21:39:17,171 [INFO] [ERROR] Failed to process 00008564_00001.json: list index out of range
2025-11-11 21:39:17,171 [INFO] [ERROR] Failed to process 00008564_00003.json: list index out of range
2025-11-11 21:39:17,172 [INFO] [ERROR] Failed to process 00008566_00001.json: list index out of range
2025-11-11 21:39:17,172 [INFO] [ERROR] Failed to process 00008929_00001.json: list index out of range
2025-11-11 21:39:17,172 [INFO] [ERROR] Failed to process 00008929_00003.json: list index out of range
2025-11-11 21:39:17,172 [INFO] [ERROR] Failed to process 00008930_00001.json: list index out of range
2025-11-11 21:39:17,172 [INFO] [ERROR] Failed to process 00008930_00003.json: list index out of range
2025-11-11 21:39:17,173 [INFO] [ERROR] Failed to process 00008932_00001.json: list index out of range
2025-11-11 21:39:17,173 [INFO] [ERROR] Failed to process 00008937_00001.json: list index out of range
2025-11-11 21:39:17,173 [INFO] [ERROR] Failed to process 00009035_00001.json: list index out of range
2025-11-11 21:39:17,173 [INFO] [ERROR] Failed to process 00009038_00001.json: list index out of range
2025-11-11 21:39:17,173 [INFO] [ERROR] Failed to process 00009051_00001.json: list index out of range
2025-11-11 21:39:17,174 [INFO] [ERROR] Failed to process 00009053_00001.json: list index out of range
2025-11-11 21:39:17,174 [INFO] [ERROR] Failed to process 00009436_00001.json: list index out of range
2025-11-11 21:39:17,174 [INFO] [ERROR] Failed to process 00009436_00003.json: list index out of range
2025-11-11 21:39:17,174 [INFO] [ERROR] Failed to process 00009436_00005.json: list index out of range
2025-11-11 21:39:17,174 [INFO] [ERROR] Failed to process 00009686_00001.json: list index out of range
2025-11-11 21:39:17,175 [INFO] [ERROR] Failed to process 00009783_00001.json: list index out of range
2025-11-11 21:39:17,175 [INFO] [ERROR] Failed to process 00009892_00001.json: list index out of range
2025-11-11 21:39:17,175 [INFO] [ERROR] Failed to process 00009919_00001.json: list index out of range
2025-11-11 21:39:17,175 [INFO] [ERROR] Failed to process 00009919_00003.json: list index out of range
2025-11-11 21:39:17,175 [INFO] [ERROR] Failed to process 00009919_00005.json: list index out of range
2025-11-11 21:39:17,175 [INFO] [ERROR] Failed to process 00010243_00001.json: list index out of range
2025-11-11 21:39:17,175 [INFO] [ERROR] Failed to process 00010921_00001.json: list index out of range
2025-11-11 21:39:17,175 [INFO] [ERROR] Failed to process 00011413_00001.json: list index out of range
2025-11-11 21:39:17,175 [INFO] [ERROR] Failed to process 00012765_00001.json: list index out of range
2025-11-11 21:39:17,177 [INFO] [ERROR] Failed to process 00013372_00001.json: list index out of range
2025-11-11 21:39:17,177 [INFO] [ERROR] Failed to process 00013479_00001.json: list index out of range
2025-11-11 21:39:17,177 [INFO] [ERROR] Failed to process 00013479_00002.json: list index out of range
2025-11-11 21:39:17,177 [INFO] [ERROR] Failed to process 00014060_00001.json: list index out of range
2025-11-11 21:39:17,177 [INFO] [ERROR] Failed to process 00014061_00000.json: list index out of range
2025-11-11 21:39:17,178 [INFO] [ERROR] Failed to process 00014062_00000.json: list index out of range
2025-11-11 21:39:17,179 [INFO] [ERROR] Failed to process 00015296_00001.json: list index out of range
2025-11-11 21:39:17,179 [INFO] [ERROR] Failed to process 00015641_00000.json: list index out of range
2025-11-11 21:39:17,179 [INFO] [ERROR] Failed to process 00015761_00001.json: list index out of range
2025-11-11 21:39:17,179 [INFO] [ERROR] Failed to process 00015912_00000.json: list index out of range
2025-11-11 21:39:17,180 [INFO] [ERROR] Failed to process 00016111_00001.json: list index out of range
2025-11-11 21:39:17,180 [INFO] [ERROR] Failed to process 00016917_00001.json: list index out of range
2025-11-11 21:39:17,180 [INFO] [ERROR] Failed to process 00017040_00001.json: list index out of range
2025-11-11 21:39:17,180 [INFO] [ERROR] Failed to process 00017109_00002.json: list index out of range
2025-11-11 21:39:17,180 [INFO] [ERROR] Failed to process 00017113_00001.json: list index out of range
2025-11-11 21:39:17,180 [INFO] [ERROR] Failed to process 00017163_00001.json: list index out of range
2025-11-11 21:39:17,181 [INFO] [ERROR] Failed to process 00017311_00002.json: list index out of range
2025-11-11 21:39:17,181 [INFO] [ERROR] Failed to process 00017337_00001.json: list index out of range
2025-11-11 21:39:17,181 [INFO] [ERROR] Failed to process 00017337_00002.json: list index out of range
2025-11-11 21:39:17,181 [INFO] [ERROR] Failed to process 00017388_00001.json: list index out of range
2025-11-11 21:39:17,181 [INFO] [ERROR] Failed to process 00017463_00001.json: list index out of range
2025-11-11 21:39:17,182 [INFO] [ERROR] Failed to process 00017872_00000.json: list index out of range
2025-11-11 21:39:17,182 [INFO] [ERROR] Failed to process 00018368_00000.json: list index out of range
2025-11-11 21:39:17,182 [INFO] [ERROR] Failed to process 00019095_00000.json: list index out of range
2025-11-11 21:39:17,182 [INFO] [ERROR] Failed to process 00019109_00000.json: list index out of range
2025-11-11 21:39:17,182 [INFO] [ERROR] Failed to process 00019937_00000.json: list index out of range
2025-11-11 21:39:17,183 [INFO] [ERROR] Failed to process 00020042_00000.json: list index out of range
2025-11-11 21:39:17,183 [INFO] [ERROR] Failed to process 00020381_00003.json: list index out of range
2025-11-11 21:39:17,183 [INFO] [ERROR] Failed to process 00020384_00001.json: list index out of range
2025-11-11 21:39:17,183 [INFO] [ERROR] Failed to process 00020409_00001.json: list index out of range
2025-11-11 21:39:17,183 [INFO] [ERROR] Failed to process 00020881_00001.json: list index out of range
2025-11-11 21:39:17,183 [INFO] [ERROR] Failed to process 00020900_00000.json: list index out of range
2025-11-11 21:39:17,184 [INFO] [ERROR] Failed to process 00020920_00001.json: list index out of range
2025-11-11 21:39:17,184 [INFO] [ERROR] Failed to process 00021055_00003.json: list index out of range
2025-11-11 21:39:17,184 [INFO] [ERROR] Failed to process 00021055_00004.json: list index out of range
2025-11-11 21:39:17,184 [INFO] [ERROR] Failed to process 00021338_00001.json: list index out of range
2025-11-11 21:39:17,184 [INFO] [ERROR] Failed to process 00021416_00000.json: list index out of range
2025-11-11 21:39:17,184 [INFO] [ERROR] Failed to process 00021416_00001.json: list index out of range
2025-11-11 21:39:17,185 [INFO] [ERROR] Failed to process 00021416_00002.json: list index out of range
2025-11-11 21:39:17,185 [INFO] [ERROR] Failed to process 00022092_00001.json: list index out of range
2025-11-11 21:39:17,185 [INFO] [ERROR] Failed to process 00022110_00000.json: list index out of range
2025-11-11 21:39:17,185 [INFO] [ERROR] Failed to process 00022276_00001.json: list index out of range
2025-11-11 21:39:17,185 [INFO] [ERROR] Failed to process 00022302_00001.json: list index out of range
2025-11-11 21:39:17,185 [INFO] [ERROR] Failed to process 00022303_00001.json: list index out of range
2025-11-11 21:39:17,185 [INFO] [ERROR] Failed to process 00022321_00001.json: list index out of range
2025-11-11 21:39:17,185 [INFO] [ERROR] Failed to process 00022703_00001.json: list index out of range
2025-11-11 21:39:17,185 [INFO] [ERROR] Failed to process 00023033_00001.json: list index out of range
2025-11-11 21:39:17,185 [INFO] [ERROR] Failed to process 00023804_00001.json: list index out of range
2025-11-11 21:39:17,186 [INFO] [ERROR] Failed to process 00024249_00001.json: list index out of range
2025-11-11 21:39:17,186 [INFO] [ERROR] Failed to process 00024437_00007.json: StdFail_NotDoneBRep_API: command not done raised from method Wire of class BRepBuilderAPI_MakeWire
2025-11-11 21:39:17,186 [INFO] [ERROR] Failed to process 00024437_00009.json: StdFail_NotDoneBRep_API: command not done raised from method Wire of class BRepBuilderAPI_MakeWire
2025-11-11 21:39:17,186 [INFO] [ERROR] Failed to process 00025298_00001.json: list index out of range
2025-11-11 21:39:17,186 [INFO] [ERROR] Failed to process 00025812_00001.json: list index out of range
2025-11-11 21:39:17,186 [INFO] [ERROR] Failed to process 00026523_00000.json: list index out of range
2025-11-11 21:39:17,187 [INFO] [ERROR] Failed to process 00026535_00000.json: list index out of range
2025-11-11 21:39:17,187 [INFO] [ERROR] Failed to process 00026906_00001.json: list index out of range
2025-11-11 21:39:23,068 [INFO] [ERROR] Failed to process 00027206_00001.json: list index out of range
2025-11-11 21:39:23,068 [INFO] [ERROR] Failed to process 00027206_00002.json: list index out of range
2025-11-11 21:39:23,068 [INFO] [ERROR] Failed to process 00027704_00002.json: list index out of range
2025-11-11 21:39:23,068 [INFO] [ERROR] Failed to process 00027704_00003.json: list index out of range
2025-11-11 21:39:23,069 [INFO] [ERROR] Failed to process 00027878_00000.json: list index out of range
2025-11-11 21:39:23,069 [INFO] [ERROR] Failed to process 00027879_00000.json: list index out of range
2025-11-11 21:39:23,069 [INFO] [ERROR] Failed to process 00027932_00001.json: list index out of range
2025-11-11 21:39:23,069 [INFO] [ERROR] Failed to process 00028985_00001.json: list index out of range
2025-11-11 21:39:23,069 [INFO] [ERROR] Failed to process 00029318_00001.json: list index out of range
2025-11-11 21:39:23,069 [INFO] [ERROR] Failed to process 00029532_00001.json: list index out of range
2025-11-11 21:39:23,070 [INFO] [ERROR] Failed to process 00029829_00000.json: list index out of range
2025-11-11 21:39:23,070 [INFO] [ERROR] Failed to process 00030303_00001.json: list index out of range
2025-11-11 21:39:23,070 [INFO] [ERROR] Failed to process 00030537_00001.json: list index out of range
2025-11-11 21:39:23,070 [INFO] [ERROR] Failed to process 00030935_00000.json: list index out of range
2025-11-11 21:39:23,070 [INFO] [ERROR] Failed to process 00030946_00001.json: list index out of range
2025-11-11 21:39:23,070 [INFO] [ERROR] Failed to process 00030953_00002.json: list index out of range
2025-11-11 21:39:23,071 [INFO] [ERROR] Failed to process 00030961_00001.json: list index out of range
2025-11-11 21:39:23,071 [INFO] [ERROR] Failed to process 00030970_00001.json: list index out of range
2025-11-11 21:39:23,071 [INFO] [ERROR] Failed to process 00030973_00001.json: list index out of range
2025-11-11 21:39:23,071 [INFO] [ERROR] Failed to process 00030985_00001.json: list index out of range
2025-11-11 21:39:23,071 [INFO] [ERROR] Failed to process 00030987_00000.json: list index out of range
2025-11-11 21:39:23,072 [INFO] [ERROR] Failed to process 00031009_00000.json: list index out of range
2025-11-11 21:39:23,072 [INFO] [ERROR] Failed to process 00031009_00001.json: list index out of range
2025-11-11 21:39:23,072 [INFO] [ERROR] Failed to process 00031654_00000.json: list index out of range
2025-11-11 21:39:23,072 [INFO] [ERROR] Failed to process 00032057_00001.json: list index out of range
2025-11-11 21:39:23,072 [INFO] [ERROR] Failed to process 00033480_00002.json: list index out of range
2025-11-11 21:39:23,073 [INFO] [ERROR] Failed to process 00033885_00001.json: list index out of range
2025-11-11 21:39:23,073 [INFO] [ERROR] Failed to process 00034276_00001.json: list index out of range
2025-11-11 21:39:23,073 [INFO] [ERROR] Failed to process 00034301_00001.json: list index out of range
2025-11-11 21:39:23,073 [INFO] [ERROR] Failed to process 00034477_00001.json: list index out of range
2025-11-11 21:39:23,073 [INFO] [ERROR] Failed to process 00034763_00001.json: list index out of range
2025-11-11 21:39:23,073 [INFO] [ERROR] Failed to process 00035003_00001.json: list index out of range
2025-11-11 21:39:23,073 [INFO] [ERROR] Failed to process 00035090_00001.json: list index out of range
2025-11-11 21:39:23,075 [INFO] [ERROR] Failed to process 00035236_00000.json: list index out of range
2025-11-11 21:39:23,075 [INFO] [ERROR] Failed to process 00035824_00000.json: list index out of range
2025-11-11 21:39:23,075 [INFO] [ERROR] Failed to process 00035973_00000.json: list index out of range
2025-11-11 21:39:23,075 [INFO] [ERROR] Failed to process 00036271_00001.json: list index out of range
2025-11-11 21:39:23,075 [INFO] [ERROR] Failed to process 00036605_00002.json: StdFail_NotDoneBRep_API: command not done raised from method Wire of class BRepBuilderAPI_MakeWire
2025-11-11 21:39:23,075 [INFO] [ERROR] Failed to process 00036605_00003.json: StdFail_NotDoneBRep_API: command not done raised from method Wire of class BRepBuilderAPI_MakeWire
2025-11-11 21:39:23,076 [INFO] [ERROR] Failed to process 00036605_00004.json: StdFail_NotDoneBRep_API: command not done raised from method Wire of class BRepBuilderAPI_MakeWire
2025-11-11 21:39:23,076 [INFO] [ERROR] Failed to process 00036605_00005.json: StdFail_NotDoneBRep_API: command not done raised from method Wire of class BRepBuilderAPI_MakeWire
2025-11-11 21:39:23,076 [INFO] [ERROR] Failed to process 00036605_00006.json: StdFail_NotDoneBRep_API: command not done raised from method Wire of class BRepBuilderAPI_MakeWire
2025-11-11 21:39:23,076 [INFO] [ERROR] Failed to process 00036605_00008.json: StdFail_NotDoneBRep_API: command not done raised from method Wire of class BRepBuilderAPI_MakeWire
2025-11-11 21:39:23,076 [INFO] [ERROR] Failed to process 00036896_00001.json: list index out of range
2025-11-11 21:39:23,076 [INFO] [ERROR] Failed to process 00037179_00001.json: list index out of range
2025-11-11 21:39:23,077 [INFO] [ERROR] Failed to process 00037354_00000.json: list index out of range
2025-11-11 21:39:23,077 [INFO] [ERROR] Failed to process 00037431_00001.json: list index out of range
2025-11-11 21:39:23,077 [INFO] [ERROR] Failed to process 00037515_00001.json: list index out of range
2025-11-11 21:39:23,077 [INFO] [ERROR] Failed to process 00038379_00001.json: list index out of range
2025-11-11 21:39:23,077 [INFO] [ERROR] Failed to process 00038380_00000.json: list index out of range
2025-11-11 21:39:23,078 [INFO] [ERROR] Failed to process 00038580_00001.json: list index out of range
2025-11-11 21:39:23,078 [INFO] [ERROR] Failed to process 00038738_00001.json: list index out of range
2025-11-11 21:39:23,078 [INFO] [ERROR] Failed to process 00039034_00007.json: StdFail_NotDoneBRep_API: command not done raised from method Wire of class BRepBuilderAPI_MakeWire
2025-11-11 21:39:23,078 [INFO] [ERROR] Failed to process 00039034_00009.json: StdFail_NotDoneBRep_API: command not done raised from method Wire of class BRepBuilderAPI_MakeWire
2025-11-11 21:39:23,078 [INFO] [ERROR] Failed to process 00039580_00000.json: list index out of range
2025-11-11 21:39:23,078 [INFO] [ERROR] Failed to process 00039764_00002.json: list index out of range
2025-11-11 21:39:23,078 [INFO] [ERROR] Failed to process 00039794_00001.json: StdFail_NotDoneBRep_API: command not done raised from method Wire of class BRepBuilderAPI_MakeWire
2025-11-11 21:39:23,079 [INFO] [ERROR] Failed to process 00039863_00004.json: list index out of range
2025-11-11 21:39:23,079 [INFO] [ERROR] Failed to process 00039863_00005.json: list index out of range
2025-11-11 21:39:23,079 [INFO] [ERROR] Failed to process 00040011_00000.json: list index out of range
2025-11-11 21:39:23,079 [INFO] [ERROR] Failed to process 00040387_00001.json: list index out of range
2025-11-11 21:39:23,079 [INFO] [ERROR] Failed to process 00040406_00001.json: StdFail_NotDoneGC_MakeArcOfCircle::Value() - no result raised from method Value of class GC_MakeArcOfCircle
2025-11-11 21:39:23,079 [INFO] [ERROR] Failed to process 00040406_00004.json: StdFail_NotDoneGC_MakeArcOfCircle::Value() - no result raised from method Value of class GC_MakeArcOfCircle
2025-11-11 21:39:23,080 [INFO] [ERROR] Failed to process 00040406_00006.json: StdFail_NotDoneGC_MakeArcOfCircle::Value() - no result raised from method Value of class GC_MakeArcOfCircle
2025-11-11 21:39:23,080 [INFO] [ERROR] Failed to process 00040941_00001.json: list index out of range
2025-11-11 21:39:23,080 [INFO] [ERROR] Failed to process 00040981_00001.json: list index out of range
2025-11-11 21:39:23,080 [INFO] [ERROR] Failed to process 00042103_00001.json: list index out of range
2025-11-11 21:39:23,080 [INFO] [ERROR] Failed to process 00042122_00000.json: list index out of range
2025-11-11 21:39:23,080 [INFO] [ERROR] Failed to process 00042529_00001.json: StdFail_NotDoneBRep_API: command not done raised from method Wire of class BRepBuilderAPI_MakeWire
2025-11-11 21:39:23,081 [INFO] [ERROR] Failed to process 00043582_00000.json: list index out of range
2025-11-11 21:39:23,081 [INFO] [ERROR] Failed to process 00044176_00000.json: list index out of range
2025-11-11 21:39:23,081 [INFO] [ERROR] Failed to process 00044287_00003.json: StdFail_NotDoneBRep_API: command not done raised from method Wire of class BRepBuilderAPI_MakeWire
2025-11-11 21:39:23,081 [INFO] [ERROR] Failed to process 00044464_00000.json: list index out of range
2025-11-11 21:39:23,081 [INFO] [ERROR] Failed to process 00044464_00001.json: list index out of range
2025-11-11 21:39:23,082 [INFO] [ERROR] Failed to process 00044648_00000.json: list index out of range
2025-11-11 21:39:23,082 [INFO] [ERROR] Failed to process 00044769_00002.json: list index out of range
2025-11-11 21:39:23,082 [INFO] [ERROR] Failed to process 00045134_00002.json: list index out of range
2025-11-11 21:39:23,082 [INFO] [ERROR] Failed to process 00045135_00001.json: list index out of range
2025-11-11 21:39:23,082 [INFO] [ERROR] Failed to process 00045135_00002.json: list index out of range
2025-11-11 21:39:23,082 [INFO] [ERROR] Failed to process 00045137_00001.json: list index out of range
2025-11-11 21:39:23,082 [INFO] [ERROR] Failed to process 00045619_00002.json: list index out of range
2025-11-11 21:39:23,082 [INFO] [ERROR] Failed to process 00046092_00001.json: list index out of range
2025-11-11 21:39:23,083 [INFO] [ERROR] Failed to process 00046172_00001.json: list index out of range
2025-11-11 21:39:23,083 [INFO] [ERROR] Failed to process 00047198_00001.json: list index out of range
2025-11-11 21:39:23,083 [INFO] [ERROR] Failed to process 00047783_00000.json: list index out of range
2025-11-11 21:39:23,083 [INFO] [ERROR] Failed to process 00047837_00001.json: StdFail_NotDoneBRep_API: command not done raised from method Wire of class BRepBuilderAPI_MakeWire
2025-11-11 21:39:23,084 [INFO] [ERROR] Failed to process 00048607_00001.json: list index out of range
2025-11-11 21:39:23,084 [INFO] [ERROR] Failed to process 00049196_00000.json: list index out of range
2025-11-11 21:39:23,084 [INFO] [ERROR] Failed to process 00049409_00001.json: list index out of range
2025-11-11 21:39:23,084 [INFO] [ERROR] Failed to process 00049945_00000.json: list index out of range
2025-11-11 21:39:23,084 [INFO] [ERROR] Failed to process 00050328_00000.json: list index out of range
2025-11-11 21:39:23,084 [INFO] [ERROR] Failed to process 00050460_00001.json: list index out of range
2025-11-11 21:39:23,085 [INFO] [ERROR] Failed to process 00050542_00001.json: list index out of range
2025-11-11 21:39:23,085 [INFO] [ERROR] Failed to process 00050711_00001.json: list index out of range
2025-11-11 21:39:23,085 [INFO] [ERROR] Failed to process 00050866_00001.json: list index out of range
2025-11-11 21:39:23,085 [INFO] [ERROR] Failed to process 00051058_00001.json: list index out of range
2025-11-11 21:41:55,537 [INFO] [ERROR] Failed to process 00051346_00001.json: StdFail_NotDoneBRep_API: command not done raised from method Wire of class BRepBuilderAPI_MakeWire
2025-11-11 21:41:55,538 [INFO] [ERROR] Failed to process 00051347_00001.json: StdFail_NotDoneBRep_API: command not done raised from method Wire of class BRepBuilderAPI_MakeWire
2025-11-11 21:41:55,538 [INFO] [ERROR] Failed to process 00051371_00001.json: list index out of range
2025-11-11 21:41:55,538 [INFO] [ERROR] Failed to process 00051371_00003.json: list index out of range
2025-11-11 21:41:55,538 [INFO] [ERROR] Failed to process 00051371_00005.json: list index out of range
2025-11-11 21:41:55,539 [INFO] [ERROR] Failed to process 00051382_00001.json: StdFail_NotDoneBRep_API: command not done raised from method Wire of class BRepBuilderAPI_MakeWire
2025-11-11 21:41:55,539 [INFO] [ERROR] Failed to process 00051382_00003.json: StdFail_NotDoneBRep_API: command not done raised from method Wire of class BRepBuilderAPI_MakeWire
2025-11-11 21:41:55,539 [INFO] [ERROR] Failed to process 00051382_00005.json: StdFail_NotDoneBRep_API: command not done raised from method Wire of class BRepBuilderAPI_MakeWire
2025-11-11 21:41:55,539 [INFO] [ERROR] Failed to process 00051382_00007.json: StdFail_NotDoneBRep_API: command not done raised from method Wire of class BRepBuilderAPI_MakeWire
2025-11-11 21:41:55,539 [INFO] [ERROR] Failed to process 00051384_00001.json: StdFail_NotDoneBRep_API: command not done raised from method Wire of class BRepBuilderAPI_MakeWire
2025-11-11 21:41:55,540 [INFO] [ERROR] Failed to process 00051384_00003.json: StdFail_NotDoneBRep_API: command not done raised from method Wire of class BRepBuilderAPI_MakeWire
2025-11-11 21:41:55,540 [INFO] [ERROR] Failed to process 00051385_00001.json: StdFail_NotDoneBRep_API: command not done raised from method Wire of class BRepBuilderAPI_MakeWire
2025-11-11 21:41:55,540 [INFO] [ERROR] Failed to process 00051385_00003.json: StdFail_NotDoneBRep_API: command not done raised from method Wire of class BRepBuilderAPI_MakeWire
2025-11-11 21:41:55,540 [INFO] [ERROR] Failed to process 00051386_00001.json: StdFail_NotDoneBRep_API: command not done raised from method Wire of class BRepBuilderAPI_MakeWire
2025-11-11 21:41:55,540 [INFO] [ERROR] Failed to process 00051386_00003.json: StdFail_NotDoneBRep_API: command not done raised from method Wire of class BRepBuilderAPI_MakeWire
2025-11-11 21:41:55,540 [INFO] [ERROR] Failed to process 00051544_00001.json: StdFail_NotDoneBRep_API: command not done raised from method Wire of class BRepBuilderAPI_MakeWire
2025-11-11 21:41:55,540 [INFO] [ERROR] Failed to process 00051544_00003.json: StdFail_NotDoneBRep_API: command not done raised from method Wire of class BRepBuilderAPI_MakeWire
2025-11-11 21:41:55,540 [INFO] [ERROR] Failed to process 00051544_00005.json: StdFail_NotDoneBRep_API: command not done raised from method Wire of class BRepBuilderAPI_MakeWire
2025-11-11 21:41:55,542 [INFO] [ERROR] Failed to process 00051642_00001.json: list index out of range
2025-11-11 21:41:55,542 [INFO] [ERROR] Failed to process 00051835_00001.json: list index out of range
2025-11-11 21:41:55,542 [INFO] [ERROR] Failed to process 00051889_00001.json: StdFail_NotDoneBRep_API: command not done raised from method Wire of class BRepBuilderAPI_MakeWire
2025-11-11 21:41:55,542 [INFO] [ERROR] Failed to process 00051891_00001.json: StdFail_NotDoneBRep_API: command not done raised from method Wire of class BRepBuilderAPI_MakeWire
2025-11-11 21:41:55,542 [INFO] [ERROR] Failed to process 00051892_00001.json: StdFail_NotDoneBRep_API: command not done raised from method Wire of class BRepBuilderAPI_MakeWire
2025-11-11 21:41:55,542 [INFO] [ERROR] Failed to process 00051900_00001.json: StdFail_NotDoneBRep_API: command not done raised from method Wire of class BRepBuilderAPI_MakeWire
2025-11-11 21:41:55,542 [INFO] [ERROR] Failed to process 00051902_00001.json: StdFail_NotDoneBRep_API: command not done raised from method Wire of class BRepBuilderAPI_MakeWire
2025-11-11 21:41:55,543 [INFO] [ERROR] Failed to process 00052232_00003.json: StdFail_NotDoneBRep_API: command not done raised from method Wire of class BRepBuilderAPI_MakeWire
2025-11-11 21:41:55,543 [INFO] [ERROR] Failed to process 00052364_00001.json: list index out of range
2025-11-11 21:41:55,544 [INFO] [ERROR] Failed to process 00052364_00003.json: list index out of range
2025-11-11 21:41:55,544 [INFO] [ERROR] Failed to process 00053102_00001.json: list index out of range
2025-11-11 21:41:55,544 [INFO] [ERROR] Failed to process 00053660_00001.json: list index out of range
2025-11-11 21:41:55,544 [INFO] [ERROR] Failed to process 00053661_00001.json: list index out of range
2025-11-11 21:41:55,544 [INFO] [ERROR] Failed to process 00053904_00001.json: StdFail_NotDoneBRep_API: command not done raised from method Wire of class BRepBuilderAPI_MakeWire
2025-11-11 21:41:55,544 [INFO] [ERROR] Failed to process 00053904_00003.json: StdFail_NotDoneBRep_API: command not done raised from method Wire of class BRepBuilderAPI_MakeWire
2025-11-11 21:41:55,545 [INFO] [ERROR] Failed to process 00053989_00001.json: StdFail_NotDoneBRep_API: command not done raised from method Wire of class BRepBuilderAPI_MakeWire
2025-11-11 21:41:55,545 [INFO] [ERROR] Failed to process 00054075_00001.json: list index out of range
2025-11-11 21:41:55,545 [INFO] [ERROR] Failed to process 00054290_00001.json: list index out of range
2025-11-11 21:41:55,545 [INFO] [ERROR] Failed to process 00054291_00001.json: list index out of range
2025-11-11 21:41:55,545 [INFO] [ERROR] Failed to process 00054380_00004.json: StdFail_NotDoneBRep_API: command not done raised from method Wire of class BRepBuilderAPI_MakeWire
2025-11-11 21:41:55,545 [INFO] [ERROR] Failed to process 00054414_00001.json: list index out of range
2025-11-11 21:41:55,545 [INFO] [ERROR] Failed to process 00054428_00001.json: list index out of range
2025-11-11 21:41:55,545 [INFO] [ERROR] Failed to process 00055079_00001.json: list index out of range
2025-11-11 21:41:55,545 [INFO] [ERROR] Failed to process 00055491_00001.json: StdFail_NotDoneBRep_API: command not done raised from method Wire of class BRepBuilderAPI_MakeWire
2025-11-11 21:41:55,546 [INFO] [ERROR] Failed to process 00055491_00003.json: StdFail_NotDoneBRep_API: command not done raised from method Wire of class BRepBuilderAPI_MakeWire
2025-11-11 21:41:55,546 [INFO] [ERROR] Failed to process 00055498_00001.json: list index out of range
2025-11-11 21:41:55,546 [INFO] [ERROR] Failed to process 00055899_00001.json: list index out of range
2025-11-11 21:41:55,546 [INFO] [ERROR] Failed to process 00056032_00001.json: list index out of range
2025-11-11 21:41:55,546 [INFO] [ERROR] Failed to process 00056368_00000.json: list index out of range
2025-11-11 21:41:55,546 [INFO] [ERROR] Failed to process 00056909_00001.json: StdFail_NotDoneBRep_API: command not done raised from method Wire of class BRepBuilderAPI_MakeWire
2025-11-11 21:41:55,546 [INFO] [ERROR] Failed to process 00057626_00001.json: list index out of range
2025-11-11 21:41:55,547 [INFO] [ERROR] Failed to process 00057707_00001.json: StdFail_NotDoneBRep_API: command not done raised from method Wire of class BRepBuilderAPI_MakeWire
2025-11-11 21:41:55,547 [INFO] [ERROR] Failed to process 00058369_00003.json: StdFail_NotDoneBRep_API: command not done raised from method Wire of class BRepBuilderAPI_MakeWire
2025-11-11 21:41:55,547 [INFO] [ERROR] Failed to process 00058551_00000.json: list index out of range
2025-11-11 21:41:55,547 [INFO] [ERROR] Failed to process 00058830_00000.json: list index out of range
2025-11-11 21:41:55,547 [INFO] [ERROR] Failed to process 00059008_00001.json: list index out of range
2025-11-11 21:41:55,547 [INFO] [ERROR] Failed to process 00059092_00001.json: StdFail_NotDoneBRep_API: command not done raised from method Wire of class BRepBuilderAPI_MakeWire
2025-11-11 21:41:55,547 [INFO] [ERROR] Failed to process 00059092_00003.json: StdFail_NotDoneBRep_API: command not done raised from method Wire of class BRepBuilderAPI_MakeWire
2025-11-11 21:41:55,549 [INFO] [ERROR] Failed to process 00059092_00005.json: StdFail_NotDoneBRep_API: command not done raised from method Wire of class BRepBuilderAPI_MakeWire
2025-11-11 21:41:55,549 [INFO] [ERROR] Failed to process 00059092_00007.json: StdFail_NotDoneBRep_API: command not done raised from method Wire of class BRepBuilderAPI_MakeWire
2025-11-11 21:41:55,549 [INFO] [ERROR] Failed to process 00059751_00001.json: list index out of range
2025-11-11 21:41:55,549 [INFO] [ERROR] Failed to process 00059800_00001.json: StdFail_NotDoneBRep_API: command not done raised from method Wire of class BRepBuilderAPI_MakeWire
2025-11-11 21:41:55,549 [INFO] [ERROR] Failed to process 00059800_00003.json: StdFail_NotDoneBRep_API: command not done raised from method Wire of class BRepBuilderAPI_MakeWire
2025-11-11 21:41:55,549 [INFO] [ERROR] Failed to process 00059800_00005.json: StdFail_NotDoneBRep_API: command not done raised from method Wire of class BRepBuilderAPI_MakeWire
2025-11-11 21:41:55,549 [INFO] [ERROR] Failed to process 00060196_00001.json: list index out of range
2025-11-11 21:41:55,550 [INFO] [ERROR] Failed to process 00060374_00001.json: list index out of range
2025-11-11 21:41:55,550 [INFO] [ERROR] Failed to process 00060375_00001.json: list index out of range
2025-11-11 21:41:55,550 [INFO] [ERROR] Failed to process 00060376_00001.json: list index out of range
2025-11-11 21:41:55,550 [INFO] [ERROR] Failed to process 00060377_00001.json: list index out of range
2025-11-11 21:41:55,550 [INFO] [ERROR] Failed to process 00060378_00001.json: list index out of range
2025-11-11 21:41:55,550 [INFO] [ERROR] Failed to process 00060379_00001.json: list index out of range
2025-11-11 21:41:55,550 [INFO] [ERROR] Failed to process 00060380_00001.json: list index out of range
2025-11-11 21:41:55,552 [INFO] [ERROR] Failed to process 00060381_00001.json: list index out of range
2025-11-11 21:41:55,552 [INFO] [ERROR] Failed to process 00060384_00001.json: list index out of range
2025-11-11 21:41:55,552 [INFO] [ERROR] Failed to process 00060916_00001.json: list index out of range
2025-11-11 21:41:55,552 [INFO] [ERROR] Failed to process 00060916_00004.json: list index out of range
2025-11-11 21:41:55,552 [INFO] [ERROR] Failed to process 00061530_00001.json: list index out of range
2025-11-11 21:44:08,775 [INFO] Exporting to STEP:   7%|7         | 42449/605330 [04:55<15:52:14,  9.85file/s, 00077258_00008.json]
2025-11-11 21:49:08,961 [INFO] Exporting to STEP:   8%|7         | 46359/605330 [09:56<12:59:09, 11.96file/s, 00083153_00001.json]
2025-11-11 21:51:45,980 [INFO] [ERROR] Failed to process 00061652_00001.json: list index out of range
2025-11-11 21:51:45,980 [INFO] [ERROR] Failed to process 00061655_00001.json: list index out of range
2025-11-11 21:51:45,983 [INFO] [ERROR] Failed to process 00062308_00001.json: list index out of range
2025-11-11 21:51:45,983 [INFO] [ERROR] Failed to process 00062311_00001.json: list index out of range
2025-11-11 21:51:45,983 [INFO] [ERROR] Failed to process 00062937_00001.json: list index out of range
2025-11-11 21:51:45,984 [INFO] [ERROR] Failed to process 00063583_00001.json: list index out of range
2025-11-11 21:51:45,984 [INFO] [ERROR] Failed to process 00063827_00001.json: list index out of range
2025-11-11 21:51:45,984 [INFO] [ERROR] Failed to process 00063926_00001.json: list index out of range
2025-11-11 21:51:45,984 [INFO] [ERROR] Failed to process 00064219_00000.json: list index out of range
2025-11-11 21:51:45,985 [INFO] [ERROR] Failed to process 00064859_00001.json: list index out of range
2025-11-11 21:51:45,985 [INFO] [ERROR] Failed to process 00064934_00000.json: list index out of range
2025-11-11 21:51:45,985 [INFO] [ERROR] Failed to process 00065188_00000.json: list index out of range
2025-11-11 21:51:45,985 [INFO] [ERROR] Failed to process 00065989_00001.json: list index out of range
2025-11-11 21:51:45,985 [INFO] [ERROR] Failed to process 00065998_00001.json: list index out of range
2025-11-11 21:51:45,986 [INFO] [ERROR] Failed to process 00066033_00000.json: list index out of range
2025-11-11 21:51:45,986 [INFO] [ERROR] Failed to process 00066106_00001.json: list index out of range
2025-11-11 21:51:45,986 [INFO] [ERROR] Failed to process 00066147_00001.json: list index out of range
2025-11-11 21:51:45,986 [INFO] [ERROR] Failed to process 00066157_00001.json: list index out of range
2025-11-11 21:51:45,986 [INFO] [ERROR] Failed to process 00066385_00001.json: list index out of range
2025-11-11 21:51:45,987 [INFO] [ERROR] Failed to process 00066416_00001.json: list index out of range
2025-11-11 21:51:45,987 [INFO] [ERROR] Failed to process 00066416_00002.json: list index out of range
2025-11-11 21:51:45,987 [INFO] [ERROR] Failed to process 00066416_00003.json: list index out of range
2025-11-11 21:51:45,987 [INFO] [ERROR] Failed to process 00066416_00004.json: list index out of range
2025-11-11 21:51:45,987 [INFO] [ERROR] Failed to process 00066499_00002.json: list index out of range
2025-11-11 21:51:45,988 [INFO] [ERROR] Failed to process 00066499_00004.json: list index out of range
2025-11-11 21:51:45,988 [INFO] [ERROR] Failed to process 00067148_00001.json: list index out of range
2025-11-11 21:51:45,988 [INFO] [ERROR] Failed to process 00067354_00001.json: list index out of range
2025-11-11 21:51:45,988 [INFO] [ERROR] Failed to process 00067414_00001.json: list index out of range
2025-11-11 21:51:45,988 [INFO] [ERROR] Failed to process 00067443_00001.json: list index out of range
2025-11-11 21:51:45,989 [INFO] [ERROR] Failed to process 00067501_00000.json: list index out of range
2025-11-11 21:51:45,989 [INFO] [ERROR] Failed to process 00067659_00001.json: list index out of range
2025-11-11 21:51:45,989 [INFO] [ERROR] Failed to process 00067692_00004.json: Wrong number or type of arguments for overloaded function 'new_BRepAlgoAPI_Cut'.
2025-11-11 21:51:45,989 [INFO] [ERROR] Failed to process 00067692_00005.json: Wrong number or type of arguments for overloaded function 'new_BRepAlgoAPI_Cut'.
2025-11-11 21:51:45,990 [INFO] [ERROR] Failed to process 00067692_00006.json: Wrong number or type of arguments for overloaded function 'new_BRepAlgoAPI_Cut'.
2025-11-11 21:51:45,990 [INFO] [ERROR] Failed to process 00067692_00007.json: Wrong number or type of arguments for overloaded function 'new_BRepAlgoAPI_Cut'.
2025-11-11 21:51:45,990 [INFO] [ERROR] Failed to process 00067692_00008.json: Wrong number or type of arguments for overloaded function 'new_BRepAlgoAPI_Cut'.
2025-11-11 21:51:45,991 [INFO] [ERROR] Failed to process 00067692_00010.json: Wrong number or type of arguments for overloaded function 'new_BRepAlgoAPI_Cut'.
2025-11-11 21:51:45,991 [INFO] [ERROR] Failed to process 00067692_00012.json: Wrong number or type of arguments for overloaded function 'new_BRepAlgoAPI_Cut'.
2025-11-11 21:51:45,991 [INFO] [ERROR] Failed to process 00067692_00014.json: Wrong number or type of arguments for overloaded function 'new_BRepAlgoAPI_Cut'.
2025-11-11 21:51:45,992 [INFO] [ERROR] Failed to process 00067872_00000.json: list index out of range
2025-11-11 21:51:45,992 [INFO] [ERROR] Failed to process 00068114_00000.json: list index out of range
2025-11-11 21:51:45,992 [INFO] [ERROR] Failed to process 00068449_00001.json: list index out of range
2025-11-11 21:51:45,992 [INFO] [ERROR] Failed to process 00068449_00003.json: list index out of range
2025-11-11 21:51:45,993 [INFO] [ERROR] Failed to process 00069561_00001.json: list index out of range
2025-11-11 21:51:45,993 [INFO] [ERROR] Failed to process 00069801_00000.json: list index out of range
2025-11-11 21:51:45,993 [INFO] [ERROR] Failed to process 00069801_00002.json: list index out of range
2025-11-11 21:51:45,993 [INFO] [ERROR] Failed to process 00070090_00001.json: list index out of range
2025-11-11 21:51:45,993 [INFO] [ERROR] Failed to process 00070202_00001.json: list index out of range
2025-11-11 21:51:45,995 [INFO] [ERROR] Failed to process 00070224_00001.json: list index out of range
2025-11-11 21:51:45,995 [INFO] [ERROR] Failed to process 00070382_00001.json: list index out of range
2025-11-11 21:51:45,995 [INFO] [ERROR] Failed to process 00070382_00002.json: list index out of range
2025-11-11 21:51:45,995 [INFO] [ERROR] Failed to process 00071159_00000.json: list index out of range
2025-11-11 21:51:45,995 [INFO] [ERROR] Failed to process 00071196_00009.json: Standard_ConstructionErrorBRepSweep_Translation::Constructor raised from method BRepPrimAPI_MakePrism of class BRepPrimAPI_MakePrism
2025-11-11 21:51:45,995 [INFO] [ERROR] Failed to process 00071408_00001.json: list index out of range
2025-11-11 21:51:45,996 [INFO] [ERROR] Failed to process 00071587_00001.json: list index out of range
2025-11-11 21:51:45,996 [INFO] [ERROR] Failed to process 00071635_00000.json: list index out of range
2025-11-11 21:51:45,996 [INFO] [ERROR] Failed to process 00071735_00001.json: list index out of range
2025-11-11 21:51:45,996 [INFO] [ERROR] Failed to process 00072027_00000.json: list index out of range
2025-11-11 21:51:45,996 [INFO] [ERROR] Failed to process 00073449_00001.json: list index out of range
2025-11-11 21:54:09,016 [INFO] Exporting to STEP:   8%|8         | 49837/605330 [14:56<7:04:30, 21.81file/s, 00089824_00003.json]
2025-11-11 22:00:00,833 [INFO] Exporting to STEP:   8%|8         | 50570/605330 [17:03<87:16:41,  1.77file/s, 00091127_00005.json]
2025-11-11 22:05:00,839 [INFO] Exporting to STEP:   9%|8         | 51784/605330 [25:48<11:33:35, 13.30file/s, 00093542_00001.json]
2025-11-11 22:10:01,934 [INFO] Exporting to STEP:   9%|8         | 53470/605330 [30:43<101:56:07,  1.50file/s, 00096362_00004.json]
2025-11-11 22:15:32,721 [INFO] Exporting to STEP:   9%|9         | 54982/605330 [35:39<3856:41:44, 25.23s/file, 00098737_00033.json]
2025-11-11 22:21:20,397 [INFO] Exporting to STEP:  10%|9         | 58038/605330 [40:50<262:22:18,  1.73s/file, 00102755_00002.json]
2025-11-11 22:26:20,677 [INFO] Exporting to STEP:  10%|9         | 60361/605330 [47:07<8:23:36, 18.04file/s, 00106137_00001.json]
2025-11-11 22:27:47,201 [INFO] [ERROR] Failed to process 00073854_00001.json: list index out of range
2025-11-11 22:27:47,201 [INFO] [ERROR] Failed to process 00074225_00001.json: list index out of range
2025-11-11 22:27:47,201 [INFO] [ERROR] Failed to process 00074281_00003.json: Wrong number or type of arguments for overloaded function 'new_BRepAlgoAPI_Fuse'.
2025-11-11 22:27:47,201 [INFO] [ERROR] Failed to process 00074281_00005.json: Wrong number or type of arguments for overloaded function 'new_BRepAlgoAPI_Fuse'.
2025-11-11 22:27:47,202 [INFO] [ERROR] Failed to process 00074281_00007.json: Wrong number or type of arguments for overloaded function 'new_BRepAlgoAPI_Fuse'.
2025-11-11 22:27:47,202 [INFO] [ERROR] Failed to process 00074281_00009.json: Wrong number or type of arguments for overloaded function 'new_BRepAlgoAPI_Fuse'.
2025-11-11 22:27:47,202 [INFO] [ERROR] Failed to process 00074503_00001.json: list index out of range
2025-11-11 22:27:47,202 [INFO] [ERROR] Failed to process 00074696_00000.json: list index out of range
2025-11-11 22:27:47,202 [INFO] [ERROR] Failed to process 00074943_00002.json: list index out of range
2025-11-11 22:27:47,202 [INFO] [ERROR] Failed to process 00074963_00001.json: list index out of range
2025-11-11 22:27:47,203 [INFO] [ERROR] Failed to process 00075023_00001.json: list index out of range
2025-11-11 22:27:47,203 [INFO] [ERROR] Failed to process 00075743_00001.json: list index out of range
2025-11-11 22:27:47,203 [INFO] [ERROR] Failed to process 00076023_00001.json: list index out of range
2025-11-11 22:27:47,203 [INFO] [ERROR] Failed to process 00076274_00001.json: list index out of range
2025-11-11 22:27:47,203 [INFO] [ERROR] Failed to process 00076677_00001.json: StdFail_NotDoneBRep_API: command not done raised from method Wire of class BRepBuilderAPI_MakeWire
2025-11-11 22:27:47,203 [INFO] [ERROR] Failed to process 00076677_00002.json: StdFail_NotDoneBRep_API: command not done raised from method Wire of class BRepBuilderAPI_MakeWire
2025-11-11 22:27:47,203 [INFO] [ERROR] Failed to process 00076677_00003.json: StdFail_NotDoneBRep_API: command not done raised from method Wire of class BRepBuilderAPI_MakeWire
2025-11-11 22:27:47,205 [INFO] [ERROR] Failed to process 00076756_00001.json: list index out of range
2025-11-11 22:27:47,205 [INFO] [ERROR] Failed to process 00076837_00001.json: list index out of range
2025-11-11 22:27:47,205 [INFO] [ERROR] Failed to process 00076864_00001.json: list index out of range
2025-11-11 22:27:47,205 [INFO] [ERROR] Failed to process 00076868_00001.json: list index out of range
2025-11-11 22:27:47,205 [INFO] [ERROR] Failed to process 00077440_00000.json: list index out of range
2025-11-11 22:27:47,206 [INFO] [ERROR] Failed to process 00077551_00001.json: list index out of range
2025-11-11 22:27:47,206 [INFO] [ERROR] Failed to process 00077551_00003.json: list index out of range
2025-11-11 22:27:47,206 [INFO] [ERROR] Failed to process 00077551_00004.json: list index out of range
2025-11-11 22:27:47,206 [INFO] [ERROR] Failed to process 00077919_00001.json: list index out of range
2025-11-11 22:27:47,206 [INFO] [ERROR] Failed to process 00078010_00005.json: StdFail_NotDoneBRep_API: command not done raised from method Wire of class BRepBuilderAPI_MakeWire
2025-11-11 22:27:47,206 [INFO] [ERROR] Failed to process 00078010_00006.json: StdFail_NotDoneBRep_API: command not done raised from method Wire of class BRepBuilderAPI_MakeWire
2025-11-11 22:27:47,207 [INFO] [ERROR] Failed to process 00078010_00008.json: StdFail_NotDoneBRep_API: command not done raised from method Wire of class BRepBuilderAPI_MakeWire
2025-11-11 22:27:47,207 [INFO] [ERROR] Failed to process 00078010_00010.json: StdFail_NotDoneBRep_API: command not done raised from method Wire of class BRepBuilderAPI_MakeWire
2025-11-11 22:27:47,207 [INFO] [ERROR] Failed to process 00078024_00001.json: StdFail_NotDoneBRep_API: command not done raised from method Wire of class BRepBuilderAPI_MakeWire
2025-11-11 22:27:47,207 [INFO] [ERROR] Failed to process 00078025_00001.json: StdFail_NotDoneBRep_API: command not done raised from method Wire of class BRepBuilderAPI_MakeWire
2025-11-11 22:27:47,209 [INFO] [ERROR] Failed to process 00078026_00001.json: StdFail_NotDoneBRep_API: command not done raised from method Wire of class BRepBuilderAPI_MakeWire
2025-11-11 22:27:47,209 [INFO] [ERROR] Failed to process 00078133_00004.json: list index out of range
2025-11-11 22:27:47,209 [INFO] [ERROR] Failed to process 00078377_00003.json: StdFail_NotDoneBRep_API: command not done raised from method Wire of class BRepBuilderAPI_MakeWire
2025-11-11 22:27:47,209 [INFO] [ERROR] Failed to process 00078510_00001.json: list index out of range
2025-11-11 22:27:47,209 [INFO] [ERROR] Failed to process 00078625_00001.json: list index out of range
2025-11-11 22:27:47,210 [INFO] [ERROR] Failed to process 00078929_00001.json: StdFail_NotDoneBRep_API: command not done raised from method Wire of class BRepBuilderAPI_MakeWire
2025-11-11 22:27:47,210 [INFO] [ERROR] Failed to process 00079320_00001.json: list index out of range
2025-11-11 22:27:47,210 [INFO] [ERROR] Failed to process 00079470_00001.json: list index out of range
2025-11-11 22:27:47,210 [INFO] [ERROR] Failed to process 00079531_00001.json: list index out of range
2025-11-11 22:27:47,210 [INFO] [ERROR] Failed to process 00079968_00000.json: list index out of range
2025-11-11 22:27:47,210 [INFO] [ERROR] Failed to process 00079978_00002.json: StdFail_NotDoneBRep_API: command not done raised from method Wire of class BRepBuilderAPI_MakeWire
2025-11-11 22:27:47,211 [INFO] [ERROR] Failed to process 00079978_00004.json: StdFail_NotDoneBRep_API: command not done raised from method Wire of class BRepBuilderAPI_MakeWire
2025-11-11 22:27:47,211 [INFO] [ERROR] Failed to process 00080330_00001.json: list index out of range
2025-11-11 22:27:47,211 [INFO] [ERROR] Failed to process 00080330_00002.json: list index out of range
2025-11-11 22:27:47,211 [INFO] [ERROR] Failed to process 00080885_00001.json: list index out of range
2025-11-11 22:27:47,211 [INFO] [ERROR] Failed to process 00080942_00001.json: list index out of range
2025-11-11 22:27:47,211 [INFO] [ERROR] Failed to process 00080942_00002.json: list index out of range
2025-11-11 22:27:47,213 [INFO] [ERROR] Failed to process 00081226_00001.json: list index out of range
2025-11-11 22:27:47,213 [INFO] [ERROR] Failed to process 00081517_00003.json: StdFail_NotDoneBRep_API: command not done raised from method Wire of class BRepBuilderAPI_MakeWire
2025-11-11 22:27:47,213 [INFO] [ERROR] Failed to process 00081540_00002.json: list index out of range
2025-11-11 22:27:47,214 [INFO] [ERROR] Failed to process 00082507_00000.json: list index out of range
2025-11-11 22:27:47,214 [INFO] [ERROR] Failed to process 00082629_00001.json: list index out of range
2025-11-11 22:27:47,215 [INFO] [ERROR] Failed to process 00082854_00001.json: list index out of range
2025-11-11 22:27:47,215 [INFO] [ERROR] Failed to process 00082886_00003.json: StdFail_NotDoneBRep_API: command not done raised from method Wire of class BRepBuilderAPI_MakeWire
2025-11-11 22:27:47,216 [INFO] [ERROR] Failed to process 00083093_00001.json: list index out of range
2025-11-11 22:27:47,216 [INFO] [ERROR] Failed to process 00083180_00000.json: list index out of range
2025-11-11 22:27:47,216 [INFO] [ERROR] Failed to process 00083529_00002.json: list index out of range
2025-11-11 22:27:47,216 [INFO] [ERROR] Failed to process 00084105_00001.json: list index out of range
2025-11-11 22:27:47,217 [INFO] [ERROR] Failed to process 00084339_00001.json: list index out of range
2025-11-11 22:27:47,217 [INFO] [ERROR] Failed to process 00084920_00001.json: list index out of range
2025-11-11 22:27:47,217 [INFO] [ERROR] Failed to process 00085299_00001.json: StdFail_NotDoneBRep_API: command not done raised from method Wire of class BRepBuilderAPI_MakeWire
2025-11-11 22:27:47,217 [INFO] [ERROR] Failed to process 00085422_00000.json: list index out of range
2025-11-11 22:27:47,218 [INFO] [ERROR] Failed to process 00085812_00001.json: list index out of range
2025-11-11 22:27:47,218 [INFO] [ERROR] Failed to process 00085817_00001.json: Standard_ConstructionErrorBRepSweep_Translation::Constructor raised from method BRepPrimAPI_MakePrism of class BRepPrimAPI_MakePrism
2025-11-11 22:27:47,218 [INFO] [ERROR] Failed to process 00086327_00001.json: list index out of range
2025-11-11 22:27:47,218 [INFO] [ERROR] Failed to process 00086563_00001.json: StdFail_NotDoneBRep_API: command not done raised from method Wire of class BRepBuilderAPI_MakeWire
2025-11-11 22:30:24,696 [INFO] 
[Completed in 51m 15s]
2025-11-11 22:30:24,696 [ERROR] 
ERROR: STEP export failed!
